[0.014s] Invoking command in '/home/lawrencehcj/hcj_ws/build/learning_tf2_cpp': AMENT_PREFIX_PATH=/home/lawrencehcj/hcj_ws/install/turtlesim:${AMENT_PREFIX_PATH} CMAKE_PREFIX_PATH=/home/lawrencehcj/hcj_ws/install/turtlesim:/home/lawrencehcj/ros2_ws/install/learning_tf2_cpp:/opt/ros/humble LD_LIBRARY_PATH=/home/lawrencehcj/hcj_ws/install/turtlesim/lib:${LD_LIBRARY_PATH} PYTHONPATH=/home/lawrencehcj/hcj_ws/install/turtlesim/local/lib/python3.10/dist-packages:${PYTHONPATH} /usr/bin/cmake --build /home/lawrencehcj/hcj_ws/build/learning_tf2_cpp -- -j2 -l2
[0.033s] -- Found ament_cmake: 1.3.10 (/opt/ros/humble/share/ament_cmake/cmake)
[0.118s] -- Found geometry_msgs: 4.2.4 (/opt/ros/humble/share/geometry_msgs/cmake)
[0.133s] -- Found rosidl_generator_c: 3.1.5 (/opt/ros/humble/share/rosidl_generator_c/cmake)
[0.136s] -- Found rosidl_adapter: 3.1.5 (/opt/ros/humble/share/rosidl_adapter/cmake)
[0.139s] -- Found rosidl_generator_cpp: 3.1.5 (/opt/ros/humble/share/rosidl_generator_cpp/cmake)
[0.147s] -- Using all available rosidl_typesupport_c: rosidl_typesupport_fastrtps_c;rosidl_typesupport_introspection_c
[0.155s] -- Using all available rosidl_typesupport_cpp: rosidl_typesupport_fastrtps_cpp;rosidl_typesupport_introspection_cpp
[0.177s] -- Found rclcpp: 16.0.10 (/opt/ros/humble/share/rclcpp/cmake)
[0.193s] -- Found rmw_implementation_cmake: 6.1.2 (/opt/ros/humble/share/rmw_implementation_cmake/cmake)
[0.193s] -- Found rmw_fastrtps_cpp: 6.2.7 (/opt/ros/humble/share/rmw_fastrtps_cpp/cmake)
[0.257s] -- Using RMW implementation 'rmw_fastrtps_cpp' as default
[0.291s] -- Found tf2: 0.25.8 (/opt/ros/humble/share/tf2/cmake)
[0.294s] -- Found tf2_ros: 0.25.8 (/opt/ros/humble/share/tf2_ros/cmake)
[0.356s] -- Found turtlesim: 1.4.2 (/home/lawrencehcj/hcj_ws/install/turtlesim/share/turtlesim/cmake)
[0.365s] -- Found ament_lint_auto: 0.12.11 (/opt/ros/humble/share/ament_lint_auto/cmake)
[0.413s] -- Added test 'cppcheck' to perform static code analysis on C / C++ code
[0.413s] -- Configured cppcheck include dirs: 
[0.413s] -- Configured cppcheck exclude dirs and/or files: 
[0.413s] -- Added test 'flake8' to check Python code syntax and style conventions
[0.413s] -- Added test 'lint_cmake' to check CMake code style
[0.414s] -- Added test 'pep257' to check Python code against some of the docstring style conventions in PEP 257
[0.414s] -- Added test 'uncrustify' to check C / C++ code style
[0.414s] -- Configured uncrustify additional arguments: 
[0.415s] -- Added test 'xmllint' to check XML markup files
[0.415s] -- Configuring done
[0.424s] -- Generating done
[0.427s] -- Build files have been written to: /home/lawrencehcj/hcj_ws/build/learning_tf2_cpp
[0.451s] [35m[1mConsolidate compiler generated dependencies of target turtle_tf2_broadcaster[0m
[0.466s] [ 50%] [32mBuilding CXX object CMakeFiles/turtle_tf2_broadcaster.dir/src/turtle_tf2_broadcaster.cpp.o[0m
[12.081s] [100%] [32m[1mLinking CXX executable turtle_tf2_broadcaster[0m
[12.436s] [100%] Built target turtle_tf2_broadcaster
[12.446s] Invoked command in '/home/lawrencehcj/hcj_ws/build/learning_tf2_cpp' returned '0': AMENT_PREFIX_PATH=/home/lawrencehcj/hcj_ws/install/turtlesim:${AMENT_PREFIX_PATH} CMAKE_PREFIX_PATH=/home/lawrencehcj/hcj_ws/install/turtlesim:/home/lawrencehcj/ros2_ws/install/learning_tf2_cpp:/opt/ros/humble LD_LIBRARY_PATH=/home/lawrencehcj/hcj_ws/install/turtlesim/lib:${LD_LIBRARY_PATH} PYTHONPATH=/home/lawrencehcj/hcj_ws/install/turtlesim/local/lib/python3.10/dist-packages:${PYTHONPATH} /usr/bin/cmake --build /home/lawrencehcj/hcj_ws/build/learning_tf2_cpp -- -j2 -l2
[12.478s] Invoking command in '/home/lawrencehcj/hcj_ws/build/learning_tf2_cpp': AMENT_PREFIX_PATH=/home/lawrencehcj/hcj_ws/install/turtlesim:${AMENT_PREFIX_PATH} CMAKE_PREFIX_PATH=/home/lawrencehcj/hcj_ws/install/turtlesim:/home/lawrencehcj/ros2_ws/install/learning_tf2_cpp:/opt/ros/humble LD_LIBRARY_PATH=/home/lawrencehcj/hcj_ws/install/turtlesim/lib:${LD_LIBRARY_PATH} PYTHONPATH=/home/lawrencehcj/hcj_ws/install/turtlesim/local/lib/python3.10/dist-packages:${PYTHONPATH} /usr/bin/cmake --install /home/lawrencehcj/hcj_ws/build/learning_tf2_cpp
[12.483s] -- Install configuration: ""
[12.483s] -- Installing: /home/lawrencehcj/hcj_ws/install/learning_tf2_cpp/lib/learning_tf2_cpp/turtle_tf2_broadcaster
[12.486s] -- Set runtime path of "/home/lawrencehcj/hcj_ws/install/learning_tf2_cpp/lib/learning_tf2_cpp/turtle_tf2_broadcaster" to ""
[12.486s] -- Up-to-date: /home/lawrencehcj/hcj_ws/install/learning_tf2_cpp/share/learning_tf2_cpp/launch
[12.486s] -- Installing: /home/lawrencehcj/hcj_ws/install/learning_tf2_cpp/share/learning_tf2_cpp/launch/turtle_tf2_demo.launch.py
[12.486s] -- Up-to-date: /home/lawrencehcj/hcj_ws/install/learning_tf2_cpp/share/ament_index/resource_index/package_run_dependencies/learning_tf2_cpp
[12.487s] -- Up-to-date: /home/lawrencehcj/hcj_ws/install/learning_tf2_cpp/share/ament_index/resource_index/parent_prefix_path/learning_tf2_cpp
[12.487s] -- Up-to-date: /home/lawrencehcj/hcj_ws/install/learning_tf2_cpp/share/learning_tf2_cpp/environment/ament_prefix_path.sh
[12.487s] -- Installing: /home/lawrencehcj/hcj_ws/install/learning_tf2_cpp/share/learning_tf2_cpp/environment/ament_prefix_path.dsv
[12.489s] -- Up-to-date: /home/lawrencehcj/hcj_ws/install/learning_tf2_cpp/share/learning_tf2_cpp/environment/path.sh
[12.489s] -- Installing: /home/lawrencehcj/hcj_ws/install/learning_tf2_cpp/share/learning_tf2_cpp/environment/path.dsv
[12.489s] -- Up-to-date: /home/lawrencehcj/hcj_ws/install/learning_tf2_cpp/share/learning_tf2_cpp/local_setup.bash
[12.489s] -- Up-to-date: /home/lawrencehcj/hcj_ws/install/learning_tf2_cpp/share/learning_tf2_cpp/local_setup.sh
[12.489s] -- Up-to-date: /home/lawrencehcj/hcj_ws/install/learning_tf2_cpp/share/learning_tf2_cpp/local_setup.zsh
[12.489s] -- Installing: /home/lawrencehcj/hcj_ws/install/learning_tf2_cpp/share/learning_tf2_cpp/local_setup.dsv
[12.489s] -- Installing: /home/lawrencehcj/hcj_ws/install/learning_tf2_cpp/share/learning_tf2_cpp/package.dsv
[12.489s] -- Up-to-date: /home/lawrencehcj/hcj_ws/install/learning_tf2_cpp/share/ament_index/resource_index/packages/learning_tf2_cpp
[12.489s] -- Up-to-date: /home/lawrencehcj/hcj_ws/install/learning_tf2_cpp/share/learning_tf2_cpp/cmake/learning_tf2_cppConfig.cmake
[12.490s] -- Up-to-date: /home/lawrencehcj/hcj_ws/install/learning_tf2_cpp/share/learning_tf2_cpp/cmake/learning_tf2_cppConfig-version.cmake
[12.490s] -- Installing: /home/lawrencehcj/hcj_ws/install/learning_tf2_cpp/share/learning_tf2_cpp/package.xml
[12.494s] Invoked command in '/home/lawrencehcj/hcj_ws/build/learning_tf2_cpp' returned '0': AMENT_PREFIX_PATH=/home/lawrencehcj/hcj_ws/install/turtlesim:${AMENT_PREFIX_PATH} CMAKE_PREFIX_PATH=/home/lawrencehcj/hcj_ws/install/turtlesim:/home/lawrencehcj/ros2_ws/install/learning_tf2_cpp:/opt/ros/humble LD_LIBRARY_PATH=/home/lawrencehcj/hcj_ws/install/turtlesim/lib:${LD_LIBRARY_PATH} PYTHONPATH=/home/lawrencehcj/hcj_ws/install/turtlesim/local/lib/python3.10/dist-packages:${PYTHONPATH} /usr/bin/cmake --install /home/lawrencehcj/hcj_ws/build/learning_tf2_cpp
