[35m[1mConsolidate compiler generated dependencies of target learning_tf2_cpp[0m
[100%] Built target learning_tf2_cpp
-- Install configuration: ""
-- Up-to-date: /home/lawrencehcj/hcj_ws/src/learning_tf2_cpp/install/learning_tf2_cpp/lib/learning_tf2_cpp/learning_tf2_cpp
-- Up-to-date: /home/lawrencehcj/hcj_ws/src/learning_tf2_cpp/install/learning_tf2_cpp/share/learning_tf2_cpp/launch
-- Up-to-date: /home/lawrencehcj/hcj_ws/src/learning_tf2_cpp/install/learning_tf2_cpp/share/learning_tf2_cpp/launch/turtle_tf2_demo.launch.py
-- Up-to-date: /home/lawrencehcj/hcj_ws/src/learning_tf2_cpp/install/learning_tf2_cpp/share/ament_index/resource_index/package_run_dependencies/learning_tf2_cpp
-- Up-to-date: /home/lawrencehcj/hcj_ws/src/learning_tf2_cpp/install/learning_tf2_cpp/share/ament_index/resource_index/parent_prefix_path/learning_tf2_cpp
-- Up-to-date: /home/lawrencehcj/hcj_ws/src/learning_tf2_cpp/install/learning_tf2_cpp/share/learning_tf2_cpp/environment/ament_prefix_path.sh
-- Up-to-date: /home/lawrencehcj/hcj_ws/src/learning_tf2_cpp/install/learning_tf2_cpp/share/learning_tf2_cpp/environment/ament_prefix_path.dsv
-- Up-to-date: /home/lawrencehcj/hcj_ws/src/learning_tf2_cpp/install/learning_tf2_cpp/share/learning_tf2_cpp/environment/path.sh
-- Up-to-date: /home/lawrencehcj/hcj_ws/src/learning_tf2_cpp/install/learning_tf2_cpp/share/learning_tf2_cpp/environment/path.dsv
-- Up-to-date: /home/lawrencehcj/hcj_ws/src/learning_tf2_cpp/install/learning_tf2_cpp/share/learning_tf2_cpp/local_setup.bash
-- Up-to-date: /home/lawrencehcj/hcj_ws/src/learning_tf2_cpp/install/learning_tf2_cpp/share/learning_tf2_cpp/local_setup.sh
-- Up-to-date: /home/lawrencehcj/hcj_ws/src/learning_tf2_cpp/install/learning_tf2_cpp/share/learning_tf2_cpp/local_setup.zsh
-- Up-to-date: /home/lawrencehcj/hcj_ws/src/learning_tf2_cpp/install/learning_tf2_cpp/share/learning_tf2_cpp/local_setup.dsv
-- Installing: /home/lawrencehcj/hcj_ws/src/learning_tf2_cpp/install/learning_tf2_cpp/share/learning_tf2_cpp/package.dsv
-- Up-to-date: /home/lawrencehcj/hcj_ws/src/learning_tf2_cpp/install/learning_tf2_cpp/share/ament_index/resource_index/packages/learning_tf2_cpp
-- Up-to-date: /home/lawrencehcj/hcj_ws/src/learning_tf2_cpp/install/learning_tf2_cpp/share/learning_tf2_cpp/cmake/learning_tf2_cppConfig.cmake
-- Up-to-date: /home/lawrencehcj/hcj_ws/src/learning_tf2_cpp/install/learning_tf2_cpp/share/learning_tf2_cpp/cmake/learning_tf2_cppConfig-version.cmake
-- Up-to-date: /home/lawrencehcj/hcj_ws/src/learning_tf2_cpp/install/learning_tf2_cpp/share/learning_tf2_cpp/package.xml
