[0.027s] Invoking command in '/home/lawrencehcj/hcj_ws/build/my_package': CMAKE_PREFIX_PATH=${CMAKE_PREFIX_PATH}:/opt/ros/humble /usr/bin/cmake /home/lawrencehcj/hcj_ws/src/my_package -DCMAKE_INSTALL_PREFIX=/home/lawrencehcj/hcj_ws/install/my_package
[0.153s] -- The C compiler identification is GNU 11.4.0
[0.254s] -- The CXX compiler identification is GNU 11.4.0
[0.272s] -- Detecting C compiler ABI info
[0.401s] -- Detecting C compiler ABI info - done
[0.414s] -- Check for working C compiler: /usr/bin/cc - skipped
[0.415s] -- Detecting C compile features
[0.419s] -- Detecting C compile features - done
[0.426s] -- Detecting CXX compiler ABI info
[0.561s] -- Detecting CXX compiler ABI info - done
[0.570s] -- Check for working CXX compiler: /usr/bin/c++ - skipped
[0.571s] -- Detecting CXX compile features
[0.571s] -- Detecting CXX compile features - done
[0.580s] -- Found ament_cmake: 1.3.10 (/opt/ros/humble/share/ament_cmake/cmake)
[0.745s] -- Found Python3: /usr/bin/python3 (found version "3.10.12") found components: Interpreter 
[0.835s] -- Found ament_lint_auto: 0.12.11 (/opt/ros/humble/share/ament_lint_auto/cmake)
[0.910s] -- Added test 'cppcheck' to perform static code analysis on C / C++ code
[0.911s] -- Configured cppcheck include dirs: $<BUILD_INTERFACE:/home/lawrencehcj/hcj_ws/src/my_package/include>
[0.911s] -- Configured cppcheck exclude dirs and/or files: 
[0.911s] -- Added test 'lint_cmake' to check CMake code style
[0.912s] -- Added test 'uncrustify' to check C / C++ code style
[0.912s] -- Configured uncrustify additional arguments: 
[0.912s] -- Added test 'xmllint' to check XML markup files
[0.913s] -- Configuring done
[0.916s] -- Generating done
[0.918s] -- Build files have been written to: /home/lawrencehcj/hcj_ws/build/my_package
[0.921s] Invoked command in '/home/lawrencehcj/hcj_ws/build/my_package' returned '0': CMAKE_PREFIX_PATH=${CMAKE_PREFIX_PATH}:/opt/ros/humble /usr/bin/cmake /home/lawrencehcj/hcj_ws/src/my_package -DCMAKE_INSTALL_PREFIX=/home/lawrencehcj/hcj_ws/install/my_package
[0.922s] Invoking command in '/home/lawrencehcj/hcj_ws/build/my_package': CMAKE_PREFIX_PATH=${CMAKE_PREFIX_PATH}:/opt/ros/humble /usr/bin/cmake --build /home/lawrencehcj/hcj_ws/build/my_package -- -j2 -l2
[0.986s] [ 50%] [32mBuilding CXX object CMakeFiles/my_node.dir/src/my_node.cpp.o[0m
[1.056s] [100%] [32m[1mLinking CXX executable my_node[0m
[1.140s] [100%] Built target my_node
[1.161s] Invoked command in '/home/lawrencehcj/hcj_ws/build/my_package' returned '0': CMAKE_PREFIX_PATH=${CMAKE_PREFIX_PATH}:/opt/ros/humble /usr/bin/cmake --build /home/lawrencehcj/hcj_ws/build/my_package -- -j2 -l2
[1.261s] Invoking command in '/home/lawrencehcj/hcj_ws/build/my_package': CMAKE_PREFIX_PATH=${CMAKE_PREFIX_PATH}:/opt/ros/humble /usr/bin/cmake --install /home/lawrencehcj/hcj_ws/build/my_package
[1.278s] -- Install configuration: ""
[1.278s] -- Installing: /home/lawrencehcj/hcj_ws/install/my_package/lib/my_package/my_node
[1.286s] -- Installing: /home/lawrencehcj/hcj_ws/install/my_package/share/ament_index/resource_index/package_run_dependencies/my_package
[1.286s] -- Installing: /home/lawrencehcj/hcj_ws/install/my_package/share/ament_index/resource_index/parent_prefix_path/my_package
[1.286s] -- Installing: /home/lawrencehcj/hcj_ws/install/my_package/share/my_package/environment/ament_prefix_path.sh
[1.287s] -- Installing: /home/lawrencehcj/hcj_ws/install/my_package/share/my_package/environment/ament_prefix_path.dsv
[1.287s] -- Installing: /home/lawrencehcj/hcj_ws/install/my_package/share/my_package/environment/path.sh
[1.287s] -- Installing: /home/lawrencehcj/hcj_ws/install/my_package/share/my_package/environment/path.dsv
[1.287s] -- Installing: /home/lawrencehcj/hcj_ws/install/my_package/share/my_package/local_setup.bash
[1.287s] -- Installing: /home/lawrencehcj/hcj_ws/install/my_package/share/my_package/local_setup.sh
[1.288s] -- Installing: /home/lawrencehcj/hcj_ws/install/my_package/share/my_package/local_setup.zsh
[1.288s] -- Installing: /home/lawrencehcj/hcj_ws/install/my_package/share/my_package/local_setup.dsv
[1.288s] -- Installing: /home/lawrencehcj/hcj_ws/install/my_package/share/my_package/package.dsv
[1.298s] -- Installing: /home/lawrencehcj/hcj_ws/install/my_package/share/ament_index/resource_index/packages/my_package
[1.298s] -- Installing: /home/lawrencehcj/hcj_ws/install/my_package/share/my_package/cmake/my_packageConfig.cmake
[1.298s] -- Installing: /home/lawrencehcj/hcj_ws/install/my_package/share/my_package/cmake/my_packageConfig-version.cmake
[1.299s] -- Installing: /home/lawrencehcj/hcj_ws/install/my_package/share/my_package/package.xml
[1.302s] Invoked command in '/home/lawrencehcj/hcj_ws/build/my_package' returned '0': CMAKE_PREFIX_PATH=${CMAKE_PREFIX_PATH}:/opt/ros/humble /usr/bin/cmake --install /home/lawrencehcj/hcj_ws/build/my_package
