[0.101s] DEBUG:colcon:Command line arguments: ['/usr/bin/colcon', 'build', '--packages-select', 'learning_tf2_cpp']
[0.101s] DEBUG:colcon:Parsed command line arguments: Namespace(log_base=None, log_level=None, verb_name='build', build_base='build', install_base='install', merge_install=False, symlink_install=False, test_result_base=None, continue_on_error=False, executor='parallel', parallel_workers=2, event_handlers=None, ignore_user_meta=False, metas=['./colcon.meta'], base_paths=['.'], packages_ignore=None, packages_ignore_regex=None, paths=None, packages_up_to=None, packages_up_to_regex=None, packages_above=None, packages_above_and_dependencies=None, packages_above_depth=None, packages_select_by_dep=None, packages_skip_by_dep=None, packages_skip_up_to=None, packages_select_build_failed=False, packages_skip_build_finished=False, packages_select_test_failures=False, packages_skip_test_passed=False, packages_select=['learning_tf2_cpp'], packages_skip=None, packages_select_regex=None, packages_skip_regex=None, packages_start=None, packages_end=None, allow_overriding=[], cmake_args=None, cmake_target=None, cmake_target_skip_unavailable=False, cmake_clean_cache=False, cmake_clean_first=False, cmake_force_configure=False, ament_cmake_args=None, catkin_cmake_args=None, catkin_skip_building_tests=False, verb_parser=<colcon_defaults.argument_parser.defaults.DefaultArgumentsDecorator object at 0x797b66348a90>, verb_extension=<colcon_core.verb.build.BuildVerb object at 0x797b664bcdc0>, main=<bound method BuildVerb.main of <colcon_core.verb.build.BuildVerb object at 0x797b664bcdc0>>)
[0.212s] Level 1:colcon.colcon_core.package_discovery:discover_packages(colcon_meta) check parameters
[0.212s] Level 1:colcon.colcon_core.package_discovery:discover_packages(recursive) check parameters
[0.212s] Level 1:colcon.colcon_core.package_discovery:discover_packages(ignore) check parameters
[0.213s] Level 1:colcon.colcon_core.package_discovery:discover_packages(path) check parameters
[0.213s] Level 1:colcon.colcon_core.package_discovery:discover_packages(colcon_meta) discover
[0.213s] Level 1:colcon.colcon_core.package_discovery:discover_packages(recursive) discover
[0.213s] INFO:colcon.colcon_core.package_discovery:Crawling recursively for packages in '/home/lawrencehcj/hcj_ws/src/learning_tf2_cpp'
[0.213s] Level 1:colcon.colcon_core.package_identification:_identify(.) by extensions ['ignore', 'ignore_ament_install']
[0.213s] Level 1:colcon.colcon_core.package_identification:_identify(.) by extension 'ignore'
[0.213s] Level 1:colcon.colcon_core.package_identification:_identify(.) by extension 'ignore_ament_install'
[0.213s] Level 1:colcon.colcon_core.package_identification:_identify(.) by extensions ['colcon_pkg']
[0.213s] Level 1:colcon.colcon_core.package_identification:_identify(.) by extension 'colcon_pkg'
[0.213s] Level 1:colcon.colcon_core.package_identification:_identify(.) by extensions ['colcon_meta']
[0.213s] Level 1:colcon.colcon_core.package_identification:_identify(.) by extension 'colcon_meta'
[0.213s] Level 1:colcon.colcon_core.package_identification:_identify(.) by extensions ['ros']
[0.213s] Level 1:colcon.colcon_core.package_identification:_identify(.) by extension 'ros'
[0.222s] DEBUG:colcon.colcon_core.package_identification:Package '.' with type 'ros.ament_cmake' and name 'learning_tf2_cpp'
[0.222s] Level 1:colcon.colcon_core.package_discovery:discover_packages(recursive) using defaults
[0.222s] Level 1:colcon.colcon_core.package_discovery:discover_packages(ignore) discover
[0.223s] Level 1:colcon.colcon_core.package_discovery:discover_packages(ignore) using defaults
[0.223s] Level 1:colcon.colcon_core.package_discovery:discover_packages(path) discover
[0.223s] Level 1:colcon.colcon_core.package_discovery:discover_packages(path) using defaults
[0.235s] Level 1:colcon.colcon_core.package_discovery:discover_packages(prefix_path) check parameters
[0.235s] Level 1:colcon.colcon_core.package_discovery:discover_packages(prefix_path) discover
[0.236s] DEBUG:colcon.colcon_installed_package_information.package_discovery:Found 1 installed packages in /home/lawrencehcj/ros2_ws/install
[0.237s] DEBUG:colcon.colcon_installed_package_information.package_discovery:Found 306 installed packages in /opt/ros/humble
[0.245s] Level 1:colcon.colcon_core.package_discovery:discover_packages(prefix_path) using defaults
[0.292s] Level 5:colcon.colcon_core.verb:set package 'learning_tf2_cpp' build argument 'cmake_args' from command line to 'None'
[0.292s] Level 5:colcon.colcon_core.verb:set package 'learning_tf2_cpp' build argument 'cmake_target' from command line to 'None'
[0.292s] Level 5:colcon.colcon_core.verb:set package 'learning_tf2_cpp' build argument 'cmake_target_skip_unavailable' from command line to 'False'
[0.292s] Level 5:colcon.colcon_core.verb:set package 'learning_tf2_cpp' build argument 'cmake_clean_cache' from command line to 'False'
[0.293s] Level 5:colcon.colcon_core.verb:set package 'learning_tf2_cpp' build argument 'cmake_clean_first' from command line to 'False'
[0.293s] Level 5:colcon.colcon_core.verb:set package 'learning_tf2_cpp' build argument 'cmake_force_configure' from command line to 'False'
[0.293s] Level 5:colcon.colcon_core.verb:set package 'learning_tf2_cpp' build argument 'ament_cmake_args' from command line to 'None'
[0.293s] Level 5:colcon.colcon_core.verb:set package 'learning_tf2_cpp' build argument 'catkin_cmake_args' from command line to 'None'
[0.293s] Level 5:colcon.colcon_core.verb:set package 'learning_tf2_cpp' build argument 'catkin_skip_building_tests' from command line to 'False'
[0.293s] DEBUG:colcon.colcon_core.verb:Building package 'learning_tf2_cpp' with the following arguments: {'ament_cmake_args': None, 'build_base': '/home/lawrencehcj/hcj_ws/src/learning_tf2_cpp/build/learning_tf2_cpp', 'catkin_cmake_args': None, 'catkin_skip_building_tests': False, 'cmake_args': None, 'cmake_clean_cache': False, 'cmake_clean_first': False, 'cmake_force_configure': False, 'cmake_target': None, 'cmake_target_skip_unavailable': False, 'install_base': '/home/lawrencehcj/hcj_ws/src/learning_tf2_cpp/install/learning_tf2_cpp', 'merge_install': False, 'path': '/home/lawrencehcj/hcj_ws/src/learning_tf2_cpp', 'symlink_install': False, 'test_result_base': None}
[0.293s] INFO:colcon.colcon_core.executor:Executing jobs using 'parallel' executor
[0.295s] DEBUG:colcon.colcon_parallel_executor.executor.parallel:run_until_complete
[0.295s] INFO:colcon.colcon_ros.task.ament_cmake.build:Building ROS package in '/home/lawrencehcj/hcj_ws/src/learning_tf2_cpp' with build type 'ament_cmake'
[0.295s] INFO:colcon.colcon_cmake.task.cmake.build:Building CMake package in '/home/lawrencehcj/hcj_ws/src/learning_tf2_cpp'
[0.301s] INFO:colcon.colcon_core.plugin_system:Skipping extension 'colcon_core.shell.bat': Not used on non-Windows systems
[0.301s] INFO:colcon.colcon_core.shell:Skip shell extension 'powershell' for command environment: Not usable outside of PowerShell
[0.301s] DEBUG:colcon.colcon_core.shell:Skip shell extension 'dsv' for command environment
[0.314s] DEBUG:colcon.colcon_core.event_handler.log_command:Invoking command in '/home/lawrencehcj/hcj_ws/src/learning_tf2_cpp/build/learning_tf2_cpp': CMAKE_PREFIX_PATH=${CMAKE_PREFIX_PATH}:/opt/ros/humble /usr/bin/cmake /home/lawrencehcj/hcj_ws/src/learning_tf2_cpp -DCMAKE_INSTALL_PREFIX=/home/lawrencehcj/hcj_ws/src/learning_tf2_cpp/install/learning_tf2_cpp
[1.729s] DEBUG:colcon.colcon_core.event_handler.log_command:Invoked command in '/home/lawrencehcj/hcj_ws/src/learning_tf2_cpp/build/learning_tf2_cpp' returned '0': CMAKE_PREFIX_PATH=${CMAKE_PREFIX_PATH}:/opt/ros/humble /usr/bin/cmake /home/lawrencehcj/hcj_ws/src/learning_tf2_cpp -DCMAKE_INSTALL_PREFIX=/home/lawrencehcj/hcj_ws/src/learning_tf2_cpp/install/learning_tf2_cpp
[1.730s] DEBUG:colcon.colcon_core.event_handler.log_command:Invoking command in '/home/lawrencehcj/hcj_ws/src/learning_tf2_cpp/build/learning_tf2_cpp': CMAKE_PREFIX_PATH=${CMAKE_PREFIX_PATH}:/opt/ros/humble /usr/bin/cmake --build /home/lawrencehcj/hcj_ws/src/learning_tf2_cpp/build/learning_tf2_cpp -- -j2 -l2
[9.411s] DEBUG:colcon.colcon_core.event_handler.log_command:Invoked command in '/home/lawrencehcj/hcj_ws/src/learning_tf2_cpp/build/learning_tf2_cpp' returned '0': CMAKE_PREFIX_PATH=${CMAKE_PREFIX_PATH}:/opt/ros/humble /usr/bin/cmake --build /home/lawrencehcj/hcj_ws/src/learning_tf2_cpp/build/learning_tf2_cpp -- -j2 -l2
[9.444s] DEBUG:colcon.colcon_core.event_handler.log_command:Invoking command in '/home/lawrencehcj/hcj_ws/src/learning_tf2_cpp/build/learning_tf2_cpp': CMAKE_PREFIX_PATH=${CMAKE_PREFIX_PATH}:/opt/ros/humble /usr/bin/cmake --install /home/lawrencehcj/hcj_ws/src/learning_tf2_cpp/build/learning_tf2_cpp
[9.460s] Level 1:colcon.colcon_core.environment:create_environment_scripts_only(learning_tf2_cpp)
[9.460s] DEBUG:colcon.colcon_core.event_handler.log_command:Invoked command in '/home/lawrencehcj/hcj_ws/src/learning_tf2_cpp/build/learning_tf2_cpp' returned '0': CMAKE_PREFIX_PATH=${CMAKE_PREFIX_PATH}:/opt/ros/humble /usr/bin/cmake --install /home/lawrencehcj/hcj_ws/src/learning_tf2_cpp/build/learning_tf2_cpp
[9.467s] Level 1:colcon.colcon_core.environment:checking '/home/lawrencehcj/hcj_ws/src/learning_tf2_cpp/install/learning_tf2_cpp' for CMake module files
[9.467s] Level 1:colcon.colcon_core.environment:checking '/home/lawrencehcj/hcj_ws/src/learning_tf2_cpp/install/learning_tf2_cpp' for CMake config files
[9.467s] Level 1:colcon.colcon_core.shell:create_environment_hook('learning_tf2_cpp', 'cmake_prefix_path')
[9.467s] INFO:colcon.colcon_core.shell:Creating environment hook '/home/lawrencehcj/hcj_ws/src/learning_tf2_cpp/install/learning_tf2_cpp/share/learning_tf2_cpp/hook/cmake_prefix_path.ps1'
[9.469s] INFO:colcon.colcon_core.shell:Creating environment descriptor '/home/lawrencehcj/hcj_ws/src/learning_tf2_cpp/install/learning_tf2_cpp/share/learning_tf2_cpp/hook/cmake_prefix_path.dsv'
[9.469s] INFO:colcon.colcon_core.shell:Creating environment hook '/home/lawrencehcj/hcj_ws/src/learning_tf2_cpp/install/learning_tf2_cpp/share/learning_tf2_cpp/hook/cmake_prefix_path.sh'
[9.470s] Level 1:colcon.colcon_core.environment:checking '/home/lawrencehcj/hcj_ws/src/learning_tf2_cpp/install/learning_tf2_cpp/lib'
[9.470s] Level 1:colcon.colcon_core.environment:checking '/home/lawrencehcj/hcj_ws/src/learning_tf2_cpp/install/learning_tf2_cpp/bin'
[9.470s] Level 1:colcon.colcon_core.environment:checking '/home/lawrencehcj/hcj_ws/src/learning_tf2_cpp/install/learning_tf2_cpp/lib/pkgconfig/learning_tf2_cpp.pc'
[9.471s] Level 1:colcon.colcon_core.environment:checking '/home/lawrencehcj/hcj_ws/src/learning_tf2_cpp/install/learning_tf2_cpp/lib/python3.10/site-packages'
[9.471s] Level 1:colcon.colcon_core.environment:checking '/home/lawrencehcj/hcj_ws/src/learning_tf2_cpp/install/learning_tf2_cpp/bin'
[9.471s] INFO:colcon.colcon_core.shell:Creating package script '/home/lawrencehcj/hcj_ws/src/learning_tf2_cpp/install/learning_tf2_cpp/share/learning_tf2_cpp/package.ps1'
[9.473s] INFO:colcon.colcon_core.shell:Creating package descriptor '/home/lawrencehcj/hcj_ws/src/learning_tf2_cpp/install/learning_tf2_cpp/share/learning_tf2_cpp/package.dsv'
[9.474s] INFO:colcon.colcon_core.shell:Creating package script '/home/lawrencehcj/hcj_ws/src/learning_tf2_cpp/install/learning_tf2_cpp/share/learning_tf2_cpp/package.sh'
[9.475s] INFO:colcon.colcon_core.shell:Creating package script '/home/lawrencehcj/hcj_ws/src/learning_tf2_cpp/install/learning_tf2_cpp/share/learning_tf2_cpp/package.bash'
[9.476s] INFO:colcon.colcon_core.shell:Creating package script '/home/lawrencehcj/hcj_ws/src/learning_tf2_cpp/install/learning_tf2_cpp/share/learning_tf2_cpp/package.zsh'
[9.478s] Level 1:colcon.colcon_core.environment:create_file_with_runtime_dependencies(/home/lawrencehcj/hcj_ws/src/learning_tf2_cpp/install/learning_tf2_cpp/share/colcon-core/packages/learning_tf2_cpp)
[9.516s] Level 1:colcon.colcon_core.environment:create_environment_scripts_only(learning_tf2_cpp)
[9.516s] Level 1:colcon.colcon_core.environment:checking '/home/lawrencehcj/hcj_ws/src/learning_tf2_cpp/install/learning_tf2_cpp' for CMake module files
[9.516s] Level 1:colcon.colcon_core.environment:checking '/home/lawrencehcj/hcj_ws/src/learning_tf2_cpp/install/learning_tf2_cpp' for CMake config files
[9.517s] Level 1:colcon.colcon_core.shell:create_environment_hook('learning_tf2_cpp', 'cmake_prefix_path')
[9.517s] INFO:colcon.colcon_core.shell:Creating environment hook '/home/lawrencehcj/hcj_ws/src/learning_tf2_cpp/install/learning_tf2_cpp/share/learning_tf2_cpp/hook/cmake_prefix_path.ps1'
[9.517s] INFO:colcon.colcon_core.shell:Creating environment descriptor '/home/lawrencehcj/hcj_ws/src/learning_tf2_cpp/install/learning_tf2_cpp/share/learning_tf2_cpp/hook/cmake_prefix_path.dsv'
[9.518s] INFO:colcon.colcon_core.shell:Creating environment hook '/home/lawrencehcj/hcj_ws/src/learning_tf2_cpp/install/learning_tf2_cpp/share/learning_tf2_cpp/hook/cmake_prefix_path.sh'
[9.518s] Level 1:colcon.colcon_core.environment:checking '/home/lawrencehcj/hcj_ws/src/learning_tf2_cpp/install/learning_tf2_cpp/lib'
[9.518s] Level 1:colcon.colcon_core.environment:checking '/home/lawrencehcj/hcj_ws/src/learning_tf2_cpp/install/learning_tf2_cpp/bin'
[9.518s] Level 1:colcon.colcon_core.environment:checking '/home/lawrencehcj/hcj_ws/src/learning_tf2_cpp/install/learning_tf2_cpp/lib/pkgconfig/learning_tf2_cpp.pc'
[9.519s] Level 1:colcon.colcon_core.environment:checking '/home/lawrencehcj/hcj_ws/src/learning_tf2_cpp/install/learning_tf2_cpp/lib/python3.10/site-packages'
[9.519s] Level 1:colcon.colcon_core.environment:checking '/home/lawrencehcj/hcj_ws/src/learning_tf2_cpp/install/learning_tf2_cpp/bin'
[9.519s] INFO:colcon.colcon_core.shell:Creating package script '/home/lawrencehcj/hcj_ws/src/learning_tf2_cpp/install/learning_tf2_cpp/share/learning_tf2_cpp/package.ps1'
[9.520s] INFO:colcon.colcon_core.shell:Creating package descriptor '/home/lawrencehcj/hcj_ws/src/learning_tf2_cpp/install/learning_tf2_cpp/share/learning_tf2_cpp/package.dsv'
[9.520s] INFO:colcon.colcon_core.shell:Creating package script '/home/lawrencehcj/hcj_ws/src/learning_tf2_cpp/install/learning_tf2_cpp/share/learning_tf2_cpp/package.sh'
[9.520s] INFO:colcon.colcon_core.shell:Creating package script '/home/lawrencehcj/hcj_ws/src/learning_tf2_cpp/install/learning_tf2_cpp/share/learning_tf2_cpp/package.bash'
[9.521s] INFO:colcon.colcon_core.shell:Creating package script '/home/lawrencehcj/hcj_ws/src/learning_tf2_cpp/install/learning_tf2_cpp/share/learning_tf2_cpp/package.zsh'
[9.521s] Level 1:colcon.colcon_core.environment:create_file_with_runtime_dependencies(/home/lawrencehcj/hcj_ws/src/learning_tf2_cpp/install/learning_tf2_cpp/share/colcon-core/packages/learning_tf2_cpp)
[9.522s] DEBUG:colcon.colcon_parallel_executor.executor.parallel:closing loop
[9.522s] DEBUG:colcon.colcon_parallel_executor.executor.parallel:loop closed
[9.522s] DEBUG:colcon.colcon_parallel_executor.executor.parallel:run_until_complete finished with '0'
[9.522s] DEBUG:colcon.colcon_core.event_reactor:joining thread
[9.534s] INFO:colcon.colcon_core.plugin_system:Skipping extension 'colcon_notification.desktop_notification.terminal_notifier': Not used on non-Darwin systems
[9.534s] INFO:colcon.colcon_core.plugin_system:Skipping extension 'colcon_notification.desktop_notification.win32': Not used on non-Windows systems
[9.534s] INFO:colcon.colcon_notification.desktop_notification:Sending desktop notification using 'notify2'
[9.601s] DEBUG:colcon.colcon_core.event_reactor:joined thread
[9.601s] INFO:colcon.colcon_core.shell:Creating prefix script '/home/lawrencehcj/hcj_ws/src/learning_tf2_cpp/install/local_setup.ps1'
[9.602s] INFO:colcon.colcon_core.shell:Creating prefix util module '/home/lawrencehcj/hcj_ws/src/learning_tf2_cpp/install/_local_setup_util_ps1.py'
[9.605s] INFO:colcon.colcon_core.shell:Creating prefix chain script '/home/lawrencehcj/hcj_ws/src/learning_tf2_cpp/install/setup.ps1'
[9.607s] INFO:colcon.colcon_core.shell:Creating prefix script '/home/lawrencehcj/hcj_ws/src/learning_tf2_cpp/install/local_setup.sh'
[9.608s] INFO:colcon.colcon_core.shell:Creating prefix util module '/home/lawrencehcj/hcj_ws/src/learning_tf2_cpp/install/_local_setup_util_sh.py'
[9.609s] INFO:colcon.colcon_core.shell:Creating prefix chain script '/home/lawrencehcj/hcj_ws/src/learning_tf2_cpp/install/setup.sh'
[9.610s] INFO:colcon.colcon_core.shell:Creating prefix script '/home/lawrencehcj/hcj_ws/src/learning_tf2_cpp/install/local_setup.bash'
[9.611s] INFO:colcon.colcon_core.shell:Creating prefix chain script '/home/lawrencehcj/hcj_ws/src/learning_tf2_cpp/install/setup.bash'
[9.611s] INFO:colcon.colcon_core.shell:Creating prefix script '/home/lawrencehcj/hcj_ws/src/learning_tf2_cpp/install/local_setup.zsh'
[9.612s] INFO:colcon.colcon_core.shell:Creating prefix chain script '/home/lawrencehcj/hcj_ws/src/learning_tf2_cpp/install/setup.zsh'
