[0.150s] DEBUG:colcon:Command line arguments: ['/usr/bin/colcon', 'build', '--packages-select', 'learning_tf2_cpp']
[0.150s] DEBUG:colcon:Parsed command line arguments: Namespace(log_base=None, log_level=None, verb_name='build', build_base='build', install_base='install', merge_install=False, symlink_install=False, test_result_base=None, continue_on_error=False, executor='parallel', parallel_workers=2, event_handlers=None, ignore_user_meta=False, metas=['./colcon.meta'], base_paths=['.'], packages_ignore=None, packages_ignore_regex=None, paths=None, packages_up_to=None, packages_up_to_regex=None, packages_above=None, packages_above_and_dependencies=None, packages_above_depth=None, packages_select_by_dep=None, packages_skip_by_dep=None, packages_skip_up_to=None, packages_select_build_failed=False, packages_skip_build_finished=False, packages_select_test_failures=False, packages_skip_test_passed=False, packages_select=['learning_tf2_cpp'], packages_skip=None, packages_select_regex=None, packages_skip_regex=None, packages_start=None, packages_end=None, allow_overriding=[], cmake_args=None, cmake_target=None, cmake_target_skip_unavailable=False, cmake_clean_cache=False, cmake_clean_first=False, cmake_force_configure=False, ament_cmake_args=None, catkin_cmake_args=None, catkin_skip_building_tests=False, verb_parser=<colcon_defaults.argument_parser.defaults.DefaultArgumentsDecorator object at 0x7e6d67f486d0>, verb_extension=<colcon_core.verb.build.BuildVerb object at 0x7e6d680bca30>, main=<bound method BuildVerb.main of <colcon_core.verb.build.BuildVerb object at 0x7e6d680bca30>>)
[0.346s] Level 1:colcon.colcon_core.package_discovery:discover_packages(colcon_meta) check parameters
[0.346s] Level 1:colcon.colcon_core.package_discovery:discover_packages(recursive) check parameters
[0.346s] Level 1:colcon.colcon_core.package_discovery:discover_packages(ignore) check parameters
[0.346s] Level 1:colcon.colcon_core.package_discovery:discover_packages(path) check parameters
[0.346s] Level 1:colcon.colcon_core.package_discovery:discover_packages(colcon_meta) discover
[0.346s] Level 1:colcon.colcon_core.package_discovery:discover_packages(recursive) discover
[0.347s] INFO:colcon.colcon_core.package_discovery:Crawling recursively for packages in '/home/lawrencehcj/hcj_ws'
[0.347s] Level 1:colcon.colcon_core.package_identification:_identify(.) by extensions ['ignore', 'ignore_ament_install']
[0.347s] Level 1:colcon.colcon_core.package_identification:_identify(.) by extension 'ignore'
[0.347s] Level 1:colcon.colcon_core.package_identification:_identify(.) by extension 'ignore_ament_install'
[0.347s] Level 1:colcon.colcon_core.package_identification:_identify(.) by extensions ['colcon_pkg']
[0.347s] Level 1:colcon.colcon_core.package_identification:_identify(.) by extension 'colcon_pkg'
[0.347s] Level 1:colcon.colcon_core.package_identification:_identify(.) by extensions ['colcon_meta']
[0.347s] Level 1:colcon.colcon_core.package_identification:_identify(.) by extension 'colcon_meta'
[0.347s] Level 1:colcon.colcon_core.package_identification:_identify(.) by extensions ['ros']
[0.347s] Level 1:colcon.colcon_core.package_identification:_identify(.) by extension 'ros'
[0.362s] Level 1:colcon.colcon_core.package_identification:_identify(.) by extensions ['cmake', 'python']
[0.362s] Level 1:colcon.colcon_core.package_identification:_identify(.) by extension 'cmake'
[0.362s] Level 1:colcon.colcon_core.package_identification:_identify(.) by extension 'python'
[0.362s] Level 1:colcon.colcon_core.package_identification:_identify(.) by extensions ['python_setup_py']
[0.362s] Level 1:colcon.colcon_core.package_identification:_identify(.) by extension 'python_setup_py'
[0.363s] Level 1:colcon.colcon_core.package_identification:_identify(build) by extensions ['ignore', 'ignore_ament_install']
[0.363s] Level 1:colcon.colcon_core.package_identification:_identify(build) by extension 'ignore'
[0.363s] Level 1:colcon.colcon_core.package_identification:_identify(build) ignored
[0.363s] Level 1:colcon.colcon_core.package_identification:_identify(install) by extensions ['ignore', 'ignore_ament_install']
[0.363s] Level 1:colcon.colcon_core.package_identification:_identify(install) by extension 'ignore'
[0.363s] Level 1:colcon.colcon_core.package_identification:_identify(install) ignored
[0.363s] Level 1:colcon.colcon_core.package_identification:_identify(log) by extensions ['ignore', 'ignore_ament_install']
[0.363s] Level 1:colcon.colcon_core.package_identification:_identify(log) by extension 'ignore'
[0.364s] Level 1:colcon.colcon_core.package_identification:_identify(log) ignored
[0.364s] Level 1:colcon.colcon_core.package_identification:_identify(src) by extensions ['ignore', 'ignore_ament_install']
[0.364s] Level 1:colcon.colcon_core.package_identification:_identify(src) by extension 'ignore'
[0.364s] Level 1:colcon.colcon_core.package_identification:_identify(src) by extension 'ignore_ament_install'
[0.364s] Level 1:colcon.colcon_core.package_identification:_identify(src) by extensions ['colcon_pkg']
[0.364s] Level 1:colcon.colcon_core.package_identification:_identify(src) by extension 'colcon_pkg'
[0.364s] Level 1:colcon.colcon_core.package_identification:_identify(src) by extensions ['colcon_meta']
[0.364s] Level 1:colcon.colcon_core.package_identification:_identify(src) by extension 'colcon_meta'
[0.364s] Level 1:colcon.colcon_core.package_identification:_identify(src) by extensions ['ros']
[0.364s] Level 1:colcon.colcon_core.package_identification:_identify(src) by extension 'ros'
[0.364s] Level 1:colcon.colcon_core.package_identification:_identify(src) by extensions ['cmake', 'python']
[0.364s] Level 1:colcon.colcon_core.package_identification:_identify(src) by extension 'cmake'
[0.364s] Level 1:colcon.colcon_core.package_identification:_identify(src) by extension 'python'
[0.364s] Level 1:colcon.colcon_core.package_identification:_identify(src) by extensions ['python_setup_py']
[0.364s] Level 1:colcon.colcon_core.package_identification:_identify(src) by extension 'python_setup_py'
[0.365s] Level 1:colcon.colcon_core.package_identification:_identify(src/learning_tf2_cpp) by extensions ['ignore', 'ignore_ament_install']
[0.365s] Level 1:colcon.colcon_core.package_identification:_identify(src/learning_tf2_cpp) by extension 'ignore'
[0.365s] Level 1:colcon.colcon_core.package_identification:_identify(src/learning_tf2_cpp) by extension 'ignore_ament_install'
[0.365s] Level 1:colcon.colcon_core.package_identification:_identify(src/learning_tf2_cpp) by extensions ['colcon_pkg']
[0.365s] Level 1:colcon.colcon_core.package_identification:_identify(src/learning_tf2_cpp) by extension 'colcon_pkg'
[0.365s] Level 1:colcon.colcon_core.package_identification:_identify(src/learning_tf2_cpp) by extensions ['colcon_meta']
[0.365s] Level 1:colcon.colcon_core.package_identification:_identify(src/learning_tf2_cpp) by extension 'colcon_meta'
[0.365s] Level 1:colcon.colcon_core.package_identification:_identify(src/learning_tf2_cpp) by extensions ['ros']
[0.365s] Level 1:colcon.colcon_core.package_identification:_identify(src/learning_tf2_cpp) by extension 'ros'
[0.368s] DEBUG:colcon.colcon_core.package_identification:Package 'src/learning_tf2_cpp' with type 'ros.ament_cmake' and name 'learning_tf2_cpp'
[0.368s] Level 1:colcon.colcon_core.package_identification:_identify(src/my_package) by extensions ['ignore', 'ignore_ament_install']
[0.368s] Level 1:colcon.colcon_core.package_identification:_identify(src/my_package) by extension 'ignore'
[0.369s] Level 1:colcon.colcon_core.package_identification:_identify(src/my_package) by extension 'ignore_ament_install'
[0.369s] Level 1:colcon.colcon_core.package_identification:_identify(src/my_package) by extensions ['colcon_pkg']
[0.369s] Level 1:colcon.colcon_core.package_identification:_identify(src/my_package) by extension 'colcon_pkg'
[0.369s] Level 1:colcon.colcon_core.package_identification:_identify(src/my_package) by extensions ['colcon_meta']
[0.369s] Level 1:colcon.colcon_core.package_identification:_identify(src/my_package) by extension 'colcon_meta'
[0.369s] Level 1:colcon.colcon_core.package_identification:_identify(src/my_package) by extensions ['ros']
[0.369s] Level 1:colcon.colcon_core.package_identification:_identify(src/my_package) by extension 'ros'
[0.369s] DEBUG:colcon.colcon_core.package_identification:Package 'src/my_package' with type 'ros.ament_cmake' and name 'my_package'
[0.370s] Level 1:colcon.colcon_core.package_identification:_identify(src/ros_tutorials) by extensions ['ignore', 'ignore_ament_install']
[0.370s] Level 1:colcon.colcon_core.package_identification:_identify(src/ros_tutorials) by extension 'ignore'
[0.370s] Level 1:colcon.colcon_core.package_identification:_identify(src/ros_tutorials) by extension 'ignore_ament_install'
[0.370s] Level 1:colcon.colcon_core.package_identification:_identify(src/ros_tutorials) by extensions ['colcon_pkg']
[0.370s] Level 1:colcon.colcon_core.package_identification:_identify(src/ros_tutorials) by extension 'colcon_pkg'
[0.370s] Level 1:colcon.colcon_core.package_identification:_identify(src/ros_tutorials) by extensions ['colcon_meta']
[0.370s] Level 1:colcon.colcon_core.package_identification:_identify(src/ros_tutorials) by extension 'colcon_meta'
[0.370s] Level 1:colcon.colcon_core.package_identification:_identify(src/ros_tutorials) by extensions ['ros']
[0.370s] Level 1:colcon.colcon_core.package_identification:_identify(src/ros_tutorials) by extension 'ros'
[0.370s] Level 1:colcon.colcon_core.package_identification:_identify(src/ros_tutorials) by extensions ['cmake', 'python']
[0.370s] Level 1:colcon.colcon_core.package_identification:_identify(src/ros_tutorials) by extension 'cmake'
[0.370s] Level 1:colcon.colcon_core.package_identification:_identify(src/ros_tutorials) by extension 'python'
[0.370s] Level 1:colcon.colcon_core.package_identification:_identify(src/ros_tutorials) by extensions ['python_setup_py']
[0.370s] Level 1:colcon.colcon_core.package_identification:_identify(src/ros_tutorials) by extension 'python_setup_py'
[0.370s] Level 1:colcon.colcon_core.package_identification:_identify(src/ros_tutorials/ros_tutorials) by extensions ['ignore', 'ignore_ament_install']
[0.370s] Level 1:colcon.colcon_core.package_identification:_identify(src/ros_tutorials/ros_tutorials) by extension 'ignore'
[0.370s] Level 1:colcon.colcon_core.package_identification:_identify(src/ros_tutorials/ros_tutorials) ignored
[0.371s] Level 1:colcon.colcon_core.package_identification:_identify(src/ros_tutorials/roscpp_tutorials) by extensions ['ignore', 'ignore_ament_install']
[0.371s] Level 1:colcon.colcon_core.package_identification:_identify(src/ros_tutorials/roscpp_tutorials) by extension 'ignore'
[0.371s] Level 1:colcon.colcon_core.package_identification:_identify(src/ros_tutorials/roscpp_tutorials) ignored
[0.371s] Level 1:colcon.colcon_core.package_identification:_identify(src/ros_tutorials/rospy_tutorials) by extensions ['ignore', 'ignore_ament_install']
[0.371s] Level 1:colcon.colcon_core.package_identification:_identify(src/ros_tutorials/rospy_tutorials) by extension 'ignore'
[0.371s] Level 1:colcon.colcon_core.package_identification:_identify(src/ros_tutorials/rospy_tutorials) ignored
[0.371s] Level 1:colcon.colcon_core.package_identification:_identify(src/ros_tutorials/turtlesim) by extensions ['ignore', 'ignore_ament_install']
[0.371s] Level 1:colcon.colcon_core.package_identification:_identify(src/ros_tutorials/turtlesim) by extension 'ignore'
[0.371s] Level 1:colcon.colcon_core.package_identification:_identify(src/ros_tutorials/turtlesim) by extension 'ignore_ament_install'
[0.371s] Level 1:colcon.colcon_core.package_identification:_identify(src/ros_tutorials/turtlesim) by extensions ['colcon_pkg']
[0.371s] Level 1:colcon.colcon_core.package_identification:_identify(src/ros_tutorials/turtlesim) by extension 'colcon_pkg'
[0.371s] Level 1:colcon.colcon_core.package_identification:_identify(src/ros_tutorials/turtlesim) by extensions ['colcon_meta']
[0.371s] Level 1:colcon.colcon_core.package_identification:_identify(src/ros_tutorials/turtlesim) by extension 'colcon_meta'
[0.371s] Level 1:colcon.colcon_core.package_identification:_identify(src/ros_tutorials/turtlesim) by extensions ['ros']
[0.371s] Level 1:colcon.colcon_core.package_identification:_identify(src/ros_tutorials/turtlesim) by extension 'ros'
[0.373s] DEBUG:colcon.colcon_core.package_identification:Package 'src/ros_tutorials/turtlesim' with type 'ros.ament_cmake' and name 'turtlesim'
[0.373s] Level 1:colcon.colcon_core.package_discovery:discover_packages(recursive) using defaults
[0.373s] Level 1:colcon.colcon_core.package_discovery:discover_packages(ignore) discover
[0.373s] Level 1:colcon.colcon_core.package_discovery:discover_packages(ignore) using defaults
[0.373s] Level 1:colcon.colcon_core.package_discovery:discover_packages(path) discover
[0.373s] Level 1:colcon.colcon_core.package_discovery:discover_packages(path) using defaults
[0.399s] INFO:colcon.colcon_core.package_selection:Skipping not selected package 'my_package' in 'src/my_package'
[0.399s] INFO:colcon.colcon_core.package_selection:Skipping not selected package 'turtlesim' in 'src/ros_tutorials/turtlesim'
[0.400s] Level 1:colcon.colcon_core.package_discovery:discover_packages(prefix_path) check parameters
[0.400s] Level 1:colcon.colcon_core.package_discovery:discover_packages(prefix_path) discover
[0.401s] DEBUG:colcon.colcon_installed_package_information.package_discovery:Found 1 installed packages in /home/lawrencehcj/ros2_ws/install
[0.403s] DEBUG:colcon.colcon_installed_package_information.package_discovery:Found 306 installed packages in /opt/ros/humble
[0.418s] Level 1:colcon.colcon_core.package_discovery:discover_packages(prefix_path) using defaults
[0.461s] Level 5:colcon.colcon_core.verb:set package 'learning_tf2_cpp' build argument 'cmake_args' from command line to 'None'
[0.461s] Level 5:colcon.colcon_core.verb:set package 'learning_tf2_cpp' build argument 'cmake_target' from command line to 'None'
[0.461s] Level 5:colcon.colcon_core.verb:set package 'learning_tf2_cpp' build argument 'cmake_target_skip_unavailable' from command line to 'False'
[0.461s] Level 5:colcon.colcon_core.verb:set package 'learning_tf2_cpp' build argument 'cmake_clean_cache' from command line to 'False'
[0.461s] Level 5:colcon.colcon_core.verb:set package 'learning_tf2_cpp' build argument 'cmake_clean_first' from command line to 'False'
[0.461s] Level 5:colcon.colcon_core.verb:set package 'learning_tf2_cpp' build argument 'cmake_force_configure' from command line to 'False'
[0.461s] Level 5:colcon.colcon_core.verb:set package 'learning_tf2_cpp' build argument 'ament_cmake_args' from command line to 'None'
[0.461s] Level 5:colcon.colcon_core.verb:set package 'learning_tf2_cpp' build argument 'catkin_cmake_args' from command line to 'None'
[0.461s] Level 5:colcon.colcon_core.verb:set package 'learning_tf2_cpp' build argument 'catkin_skip_building_tests' from command line to 'False'
[0.461s] DEBUG:colcon.colcon_core.verb:Building package 'learning_tf2_cpp' with the following arguments: {'ament_cmake_args': None, 'build_base': '/home/lawrencehcj/hcj_ws/build/learning_tf2_cpp', 'catkin_cmake_args': None, 'catkin_skip_building_tests': False, 'cmake_args': None, 'cmake_clean_cache': False, 'cmake_clean_first': False, 'cmake_force_configure': False, 'cmake_target': None, 'cmake_target_skip_unavailable': False, 'install_base': '/home/lawrencehcj/hcj_ws/install/learning_tf2_cpp', 'merge_install': False, 'path': '/home/lawrencehcj/hcj_ws/src/learning_tf2_cpp', 'symlink_install': False, 'test_result_base': None}
[0.461s] INFO:colcon.colcon_core.executor:Executing jobs using 'parallel' executor
[0.463s] DEBUG:colcon.colcon_parallel_executor.executor.parallel:run_until_complete
[0.463s] INFO:colcon.colcon_ros.task.ament_cmake.build:Building ROS package in '/home/lawrencehcj/hcj_ws/src/learning_tf2_cpp' with build type 'ament_cmake'
[0.463s] INFO:colcon.colcon_cmake.task.cmake.build:Building CMake package in '/home/lawrencehcj/hcj_ws/src/learning_tf2_cpp'
[0.464s] INFO:colcon.colcon_core.plugin_system:Skipping extension 'colcon_core.shell.bat': Not used on non-Windows systems
[0.465s] INFO:colcon.colcon_core.shell:Skip shell extension 'powershell' for command environment: Not usable outside of PowerShell
[0.465s] DEBUG:colcon.colcon_core.shell:Skip shell extension 'dsv' for command environment
[0.485s] DEBUG:colcon.colcon_core.event_handler.log_command:Invoking command in '/home/lawrencehcj/hcj_ws/build/learning_tf2_cpp': AMENT_PREFIX_PATH=/home/lawrencehcj/hcj_ws/install/turtlesim:${AMENT_PREFIX_PATH} CMAKE_PREFIX_PATH=/home/lawrencehcj/hcj_ws/install/turtlesim:/home/lawrencehcj/ros2_ws/install/learning_tf2_cpp:/opt/ros/humble LD_LIBRARY_PATH=/home/lawrencehcj/hcj_ws/install/turtlesim/lib:${LD_LIBRARY_PATH} PYTHONPATH=/home/lawrencehcj/hcj_ws/install/turtlesim/local/lib/python3.10/dist-packages:${PYTHONPATH} /usr/bin/cmake /home/lawrencehcj/hcj_ws/src/learning_tf2_cpp -DCMAKE_INSTALL_PREFIX=/home/lawrencehcj/hcj_ws/install/learning_tf2_cpp
[2.130s] DEBUG:colcon.colcon_core.event_handler.log_command:Invoked command in '/home/lawrencehcj/hcj_ws/build/learning_tf2_cpp' returned '0': AMENT_PREFIX_PATH=/home/lawrencehcj/hcj_ws/install/turtlesim:${AMENT_PREFIX_PATH} CMAKE_PREFIX_PATH=/home/lawrencehcj/hcj_ws/install/turtlesim:/home/lawrencehcj/ros2_ws/install/learning_tf2_cpp:/opt/ros/humble LD_LIBRARY_PATH=/home/lawrencehcj/hcj_ws/install/turtlesim/lib:${LD_LIBRARY_PATH} PYTHONPATH=/home/lawrencehcj/hcj_ws/install/turtlesim/local/lib/python3.10/dist-packages:${PYTHONPATH} /usr/bin/cmake /home/lawrencehcj/hcj_ws/src/learning_tf2_cpp -DCMAKE_INSTALL_PREFIX=/home/lawrencehcj/hcj_ws/install/learning_tf2_cpp
[2.130s] DEBUG:colcon.colcon_core.event_handler.log_command:Invoking command in '/home/lawrencehcj/hcj_ws/build/learning_tf2_cpp': AMENT_PREFIX_PATH=/home/lawrencehcj/hcj_ws/install/turtlesim:${AMENT_PREFIX_PATH} CMAKE_PREFIX_PATH=/home/lawrencehcj/hcj_ws/install/turtlesim:/home/lawrencehcj/ros2_ws/install/learning_tf2_cpp:/opt/ros/humble LD_LIBRARY_PATH=/home/lawrencehcj/hcj_ws/install/turtlesim/lib:${LD_LIBRARY_PATH} PYTHONPATH=/home/lawrencehcj/hcj_ws/install/turtlesim/local/lib/python3.10/dist-packages:${PYTHONPATH} /usr/bin/cmake --build /home/lawrencehcj/hcj_ws/build/learning_tf2_cpp -- -j2 -l2
[16.346s] DEBUG:colcon.colcon_core.event_handler.log_command:Invoked command in '/home/lawrencehcj/hcj_ws/build/learning_tf2_cpp' returned '0': AMENT_PREFIX_PATH=/home/lawrencehcj/hcj_ws/install/turtlesim:${AMENT_PREFIX_PATH} CMAKE_PREFIX_PATH=/home/lawrencehcj/hcj_ws/install/turtlesim:/home/lawrencehcj/ros2_ws/install/learning_tf2_cpp:/opt/ros/humble LD_LIBRARY_PATH=/home/lawrencehcj/hcj_ws/install/turtlesim/lib:${LD_LIBRARY_PATH} PYTHONPATH=/home/lawrencehcj/hcj_ws/install/turtlesim/local/lib/python3.10/dist-packages:${PYTHONPATH} /usr/bin/cmake --build /home/lawrencehcj/hcj_ws/build/learning_tf2_cpp -- -j2 -l2
[16.429s] DEBUG:colcon.colcon_core.event_handler.log_command:Invoking command in '/home/lawrencehcj/hcj_ws/build/learning_tf2_cpp': AMENT_PREFIX_PATH=/home/lawrencehcj/hcj_ws/install/turtlesim:${AMENT_PREFIX_PATH} CMAKE_PREFIX_PATH=/home/lawrencehcj/hcj_ws/install/turtlesim:/home/lawrencehcj/ros2_ws/install/learning_tf2_cpp:/opt/ros/humble LD_LIBRARY_PATH=/home/lawrencehcj/hcj_ws/install/turtlesim/lib:${LD_LIBRARY_PATH} PYTHONPATH=/home/lawrencehcj/hcj_ws/install/turtlesim/local/lib/python3.10/dist-packages:${PYTHONPATH} /usr/bin/cmake --install /home/lawrencehcj/hcj_ws/build/learning_tf2_cpp
[16.456s] Level 1:colcon.colcon_core.environment:create_environment_scripts_only(learning_tf2_cpp)
[16.457s] DEBUG:colcon.colcon_core.event_handler.log_command:Invoked command in '/home/lawrencehcj/hcj_ws/build/learning_tf2_cpp' returned '0': AMENT_PREFIX_PATH=/home/lawrencehcj/hcj_ws/install/turtlesim:${AMENT_PREFIX_PATH} CMAKE_PREFIX_PATH=/home/lawrencehcj/hcj_ws/install/turtlesim:/home/lawrencehcj/ros2_ws/install/learning_tf2_cpp:/opt/ros/humble LD_LIBRARY_PATH=/home/lawrencehcj/hcj_ws/install/turtlesim/lib:${LD_LIBRARY_PATH} PYTHONPATH=/home/lawrencehcj/hcj_ws/install/turtlesim/local/lib/python3.10/dist-packages:${PYTHONPATH} /usr/bin/cmake --install /home/lawrencehcj/hcj_ws/build/learning_tf2_cpp
[16.460s] Level 1:colcon.colcon_core.environment:checking '/home/lawrencehcj/hcj_ws/install/learning_tf2_cpp' for CMake module files
[16.461s] Level 1:colcon.colcon_core.environment:checking '/home/lawrencehcj/hcj_ws/install/learning_tf2_cpp' for CMake config files
[16.461s] Level 1:colcon.colcon_core.shell:create_environment_hook('learning_tf2_cpp', 'cmake_prefix_path')
[16.461s] INFO:colcon.colcon_core.shell:Creating environment hook '/home/lawrencehcj/hcj_ws/install/learning_tf2_cpp/share/learning_tf2_cpp/hook/cmake_prefix_path.ps1'
[16.462s] INFO:colcon.colcon_core.shell:Creating environment descriptor '/home/lawrencehcj/hcj_ws/install/learning_tf2_cpp/share/learning_tf2_cpp/hook/cmake_prefix_path.dsv'
[16.463s] INFO:colcon.colcon_core.shell:Creating environment hook '/home/lawrencehcj/hcj_ws/install/learning_tf2_cpp/share/learning_tf2_cpp/hook/cmake_prefix_path.sh'
[16.464s] Level 1:colcon.colcon_core.environment:checking '/home/lawrencehcj/hcj_ws/install/learning_tf2_cpp/lib'
[16.464s] Level 1:colcon.colcon_core.environment:checking '/home/lawrencehcj/hcj_ws/install/learning_tf2_cpp/bin'
[16.464s] Level 1:colcon.colcon_core.environment:checking '/home/lawrencehcj/hcj_ws/install/learning_tf2_cpp/lib/pkgconfig/learning_tf2_cpp.pc'
[16.465s] Level 1:colcon.colcon_core.environment:checking '/home/lawrencehcj/hcj_ws/install/learning_tf2_cpp/lib/python3.10/site-packages'
[16.465s] Level 1:colcon.colcon_core.environment:checking '/home/lawrencehcj/hcj_ws/install/learning_tf2_cpp/bin'
[16.466s] INFO:colcon.colcon_core.shell:Creating package script '/home/lawrencehcj/hcj_ws/install/learning_tf2_cpp/share/learning_tf2_cpp/package.ps1'
[16.466s] INFO:colcon.colcon_core.shell:Creating package descriptor '/home/lawrencehcj/hcj_ws/install/learning_tf2_cpp/share/learning_tf2_cpp/package.dsv'
[16.467s] INFO:colcon.colcon_core.shell:Creating package script '/home/lawrencehcj/hcj_ws/install/learning_tf2_cpp/share/learning_tf2_cpp/package.sh'
[16.468s] INFO:colcon.colcon_core.shell:Creating package script '/home/lawrencehcj/hcj_ws/install/learning_tf2_cpp/share/learning_tf2_cpp/package.bash'
[16.469s] INFO:colcon.colcon_core.shell:Creating package script '/home/lawrencehcj/hcj_ws/install/learning_tf2_cpp/share/learning_tf2_cpp/package.zsh'
[16.470s] Level 1:colcon.colcon_core.environment:create_file_with_runtime_dependencies(/home/lawrencehcj/hcj_ws/install/learning_tf2_cpp/share/colcon-core/packages/learning_tf2_cpp)
[16.537s] Level 1:colcon.colcon_core.environment:create_environment_scripts_only(learning_tf2_cpp)
[16.538s] Level 1:colcon.colcon_core.environment:checking '/home/lawrencehcj/hcj_ws/install/learning_tf2_cpp' for CMake module files
[16.538s] Level 1:colcon.colcon_core.environment:checking '/home/lawrencehcj/hcj_ws/install/learning_tf2_cpp' for CMake config files
[16.539s] Level 1:colcon.colcon_core.shell:create_environment_hook('learning_tf2_cpp', 'cmake_prefix_path')
[16.539s] INFO:colcon.colcon_core.shell:Creating environment hook '/home/lawrencehcj/hcj_ws/install/learning_tf2_cpp/share/learning_tf2_cpp/hook/cmake_prefix_path.ps1'
[16.540s] INFO:colcon.colcon_core.shell:Creating environment descriptor '/home/lawrencehcj/hcj_ws/install/learning_tf2_cpp/share/learning_tf2_cpp/hook/cmake_prefix_path.dsv'
[16.541s] INFO:colcon.colcon_core.shell:Creating environment hook '/home/lawrencehcj/hcj_ws/install/learning_tf2_cpp/share/learning_tf2_cpp/hook/cmake_prefix_path.sh'
[16.542s] Level 1:colcon.colcon_core.environment:checking '/home/lawrencehcj/hcj_ws/install/learning_tf2_cpp/lib'
[16.542s] Level 1:colcon.colcon_core.environment:checking '/home/lawrencehcj/hcj_ws/install/learning_tf2_cpp/bin'
[16.542s] Level 1:colcon.colcon_core.environment:checking '/home/lawrencehcj/hcj_ws/install/learning_tf2_cpp/lib/pkgconfig/learning_tf2_cpp.pc'
[16.542s] Level 1:colcon.colcon_core.environment:checking '/home/lawrencehcj/hcj_ws/install/learning_tf2_cpp/lib/python3.10/site-packages'
[16.542s] Level 1:colcon.colcon_core.environment:checking '/home/lawrencehcj/hcj_ws/install/learning_tf2_cpp/bin'
[16.543s] INFO:colcon.colcon_core.shell:Creating package script '/home/lawrencehcj/hcj_ws/install/learning_tf2_cpp/share/learning_tf2_cpp/package.ps1'
[16.544s] INFO:colcon.colcon_core.shell:Creating package descriptor '/home/lawrencehcj/hcj_ws/install/learning_tf2_cpp/share/learning_tf2_cpp/package.dsv'
[16.545s] INFO:colcon.colcon_core.shell:Creating package script '/home/lawrencehcj/hcj_ws/install/learning_tf2_cpp/share/learning_tf2_cpp/package.sh'
[16.545s] INFO:colcon.colcon_core.shell:Creating package script '/home/lawrencehcj/hcj_ws/install/learning_tf2_cpp/share/learning_tf2_cpp/package.bash'
[16.546s] INFO:colcon.colcon_core.shell:Creating package script '/home/lawrencehcj/hcj_ws/install/learning_tf2_cpp/share/learning_tf2_cpp/package.zsh'
[16.547s] Level 1:colcon.colcon_core.environment:create_file_with_runtime_dependencies(/home/lawrencehcj/hcj_ws/install/learning_tf2_cpp/share/colcon-core/packages/learning_tf2_cpp)
[16.548s] DEBUG:colcon.colcon_parallel_executor.executor.parallel:closing loop
[16.548s] DEBUG:colcon.colcon_parallel_executor.executor.parallel:loop closed
[16.549s] DEBUG:colcon.colcon_parallel_executor.executor.parallel:run_until_complete finished with '0'
[16.549s] DEBUG:colcon.colcon_core.event_reactor:joining thread
[16.557s] INFO:colcon.colcon_core.plugin_system:Skipping extension 'colcon_notification.desktop_notification.terminal_notifier': Not used on non-Darwin systems
[16.557s] INFO:colcon.colcon_core.plugin_system:Skipping extension 'colcon_notification.desktop_notification.win32': Not used on non-Windows systems
[16.557s] INFO:colcon.colcon_notification.desktop_notification:Sending desktop notification using 'notify2'
[16.582s] DEBUG:colcon.colcon_core.event_reactor:joined thread
[16.583s] INFO:colcon.colcon_core.shell:Creating prefix script '/home/lawrencehcj/hcj_ws/install/local_setup.ps1'
[16.585s] INFO:colcon.colcon_core.shell:Creating prefix util module '/home/lawrencehcj/hcj_ws/install/_local_setup_util_ps1.py'
[16.588s] INFO:colcon.colcon_core.shell:Creating prefix chain script '/home/lawrencehcj/hcj_ws/install/setup.ps1'
[16.590s] INFO:colcon.colcon_core.shell:Creating prefix script '/home/lawrencehcj/hcj_ws/install/local_setup.sh'
[16.591s] INFO:colcon.colcon_core.shell:Creating prefix util module '/home/lawrencehcj/hcj_ws/install/_local_setup_util_sh.py'
[16.592s] INFO:colcon.colcon_core.shell:Creating prefix chain script '/home/lawrencehcj/hcj_ws/install/setup.sh'
[16.594s] INFO:colcon.colcon_core.shell:Creating prefix script '/home/lawrencehcj/hcj_ws/install/local_setup.bash'
[16.595s] INFO:colcon.colcon_core.shell:Creating prefix chain script '/home/lawrencehcj/hcj_ws/install/setup.bash'
[16.597s] INFO:colcon.colcon_core.shell:Creating prefix script '/home/lawrencehcj/hcj_ws/install/local_setup.zsh'
[16.599s] INFO:colcon.colcon_core.shell:Creating prefix chain script '/home/lawrencehcj/hcj_ws/install/setup.zsh'
