[0.017s] Invoking command in '/home/lawrencehcj/hcj_ws/build/turtlesim': CMAKE_PREFIX_PATH=${CMAKE_PREFIX_PATH}:/opt/ros/humble /usr/bin/cmake /home/lawrencehcj/hcj_ws/src/ros_tutorials/turtlesim -DCMAKE_INSTALL_PREFIX=/home/lawrencehcj/hcj_ws/install/turtlesim
[0.123s] -- The C compiler identification is GNU 11.4.0
[0.218s] -- The CXX compiler identification is GNU 11.4.0
[0.229s] -- Detecting C compiler ABI info
[0.362s] -- Detecting C compiler ABI info - done
[0.370s] -- Check for working C compiler: /usr/bin/cc - skipped
[0.371s] -- Detecting C compile features
[0.371s] -- Detecting C compile features - done
[0.375s] -- Detecting CXX compiler ABI info
[0.518s] -- Detecting CXX compiler ABI info - done
[0.526s] -- Check for working CXX compiler: /usr/bin/c++ - skipped
[0.527s] -- Detecting CXX compile features
[0.530s] -- Detecting CXX compile features - done
[0.532s] -- Found ament_cmake: 1.3.10 (/opt/ros/humble/share/ament_cmake/cmake)
[0.768s] -- Found Python3: /usr/bin/python3 (found version "3.10.12") found components: Interpreter 
[0.879s] -- Found ament_index_cpp: 1.4.0 (/opt/ros/humble/share/ament_index_cpp/cmake)
[0.881s] -- Found geometry_msgs: 4.2.4 (/opt/ros/humble/share/geometry_msgs/cmake)
[0.920s] -- Found rosidl_generator_c: 3.1.5 (/opt/ros/humble/share/rosidl_generator_c/cmake)
[0.925s] -- Found rosidl_adapter: 3.1.5 (/opt/ros/humble/share/rosidl_adapter/cmake)
[0.936s] -- Found rosidl_generator_cpp: 3.1.5 (/opt/ros/humble/share/rosidl_generator_cpp/cmake)
[0.950s] -- Using all available rosidl_typesupport_c: rosidl_typesupport_fastrtps_c;rosidl_typesupport_introspection_c
[0.967s] -- Using all available rosidl_typesupport_cpp: rosidl_typesupport_fastrtps_cpp;rosidl_typesupport_introspection_cpp
[1.083s] -- Found rclcpp: 16.0.10 (/opt/ros/humble/share/rclcpp/cmake)
[1.120s] -- Found rmw_implementation_cmake: 6.1.2 (/opt/ros/humble/share/rmw_implementation_cmake/cmake)
[1.123s] -- Found rmw_fastrtps_cpp: 6.2.7 (/opt/ros/humble/share/rmw_fastrtps_cpp/cmake)
[1.256s] -- Found OpenSSL: /usr/lib/x86_64-linux-gnu/libcrypto.so (found version "3.0.2")  
[1.292s] -- Found FastRTPS: /opt/ros/humble/include  
[1.348s] -- Using RMW implementation 'rmw_fastrtps_cpp' as default
[1.359s] -- Looking for pthread.h
[1.504s] -- Looking for pthread.h - found
[1.504s] -- Performing Test CMAKE_HAVE_LIBC_PTHREAD
[1.643s] -- Performing Test CMAKE_HAVE_LIBC_PTHREAD - Success
[1.646s] -- Found Threads: TRUE  
[1.694s] -- Found rclcpp_action: 16.0.10 (/opt/ros/humble/share/rclcpp_action/cmake)
[1.739s] -- Found rosidl_default_generators: 1.2.0 (/opt/ros/humble/share/rosidl_default_generators/cmake)
[1.784s] -- Found std_srvs: 4.2.4 (/opt/ros/humble/share/std_srvs/cmake)
[2.252s] -- Found ament_cmake_ros: 0.10.0 (/opt/ros/humble/share/ament_cmake_ros/cmake)
[2.771s] -- Using all available rosidl_typesupport_c: rosidl_typesupport_fastrtps_c;rosidl_typesupport_introspection_c
[2.962s] -- Using all available rosidl_typesupport_cpp: rosidl_typesupport_fastrtps_cpp;rosidl_typesupport_introspection_cpp
[3.002s] -- Found PythonInterp: /usr/bin/python3 (found suitable version "3.10.12", minimum required is "3.6") 
[3.008s] -- Found python_cmake_module: 0.10.0 (/opt/ros/humble/share/python_cmake_module/cmake)
[3.050s] -- Found PythonLibs: /usr/lib/x86_64-linux-gnu/libpython3.10.so (found suitable version "3.10.12", minimum required is "3.5") 
[3.052s] -- Using PYTHON_EXECUTABLE: /usr/bin/python3
[3.052s] -- Using PYTHON_INCLUDE_DIRS: /usr/include/python3.10
[3.053s] -- Using PYTHON_LIBRARIES: /usr/lib/x86_64-linux-gnu/libpython3.10.so
[3.082s] -- Found PythonExtra: .so  
[3.170s] -- Configuring done
[3.244s] -- Generating done
[3.249s] -- Build files have been written to: /home/lawrencehcj/hcj_ws/build/turtlesim
[3.276s] Invoked command in '/home/lawrencehcj/hcj_ws/build/turtlesim' returned '0': CMAKE_PREFIX_PATH=${CMAKE_PREFIX_PATH}:/opt/ros/humble /usr/bin/cmake /home/lawrencehcj/hcj_ws/src/ros_tutorials/turtlesim -DCMAKE_INSTALL_PREFIX=/home/lawrencehcj/hcj_ws/install/turtlesim
[3.282s] Invoking command in '/home/lawrencehcj/hcj_ws/build/turtlesim': CMAKE_PREFIX_PATH=${CMAKE_PREFIX_PATH}:/opt/ros/humble /usr/bin/cmake --build /home/lawrencehcj/hcj_ws/build/turtlesim -- -j2 -l2
[3.367s] [  1%] [34m[1mGenerating C code for ROS interfaces[0m
[3.384s] [  2%] [34m[1mGenerating C++ code for ROS interfaces[0m
[4.984s] [  2%] Built target turtlesim__cpp
[5.049s] [  2%] Built target ament_cmake_python_copy_turtlesim
[5.082s] [  3%] [34m[1mGenerating C++ type support dispatch for ROS interfaces[0m
[5.106s] [  4%] [32mBuilding C object CMakeFiles/turtlesim__rosidl_generator_c.dir/rosidl_generator_c/turtlesim/action/detail/rotate_absolute__functions.c.o[0m
[5.364s] [  5%] [32mBuilding C object CMakeFiles/turtlesim__rosidl_generator_c.dir/rosidl_generator_c/turtlesim/msg/detail/color__functions.c.o[0m
[5.443s] [  6%] [32mBuilding C object CMakeFiles/turtlesim__rosidl_generator_c.dir/rosidl_generator_c/turtlesim/msg/detail/pose__functions.c.o[0m
[5.522s] [  7%] [32mBuilding C object CMakeFiles/turtlesim__rosidl_generator_c.dir/rosidl_generator_c/turtlesim/srv/detail/kill__functions.c.o[0m
[5.623s] [  8%] [32mBuilding C object CMakeFiles/turtlesim__rosidl_generator_c.dir/rosidl_generator_c/turtlesim/srv/detail/set_pen__functions.c.o[0m
[5.739s] [  9%] [32mBuilding C object CMakeFiles/turtlesim__rosidl_generator_c.dir/rosidl_generator_c/turtlesim/srv/detail/spawn__functions.c.o[0m
[5.861s] [ 10%] [32mBuilding C object CMakeFiles/turtlesim__rosidl_generator_c.dir/rosidl_generator_c/turtlesim/srv/detail/teleport_absolute__functions.c.o[0m
[5.988s] [ 12%] [32mBuilding C object CMakeFiles/turtlesim__rosidl_generator_c.dir/rosidl_generator_c/turtlesim/srv/detail/teleport_relative__functions.c.o[0m
[5.988s] [ 12%] [32mBuilding CXX object CMakeFiles/turtlesim__rosidl_typesupport_cpp.dir/rosidl_typesupport_cpp/turtlesim/action/rotate_absolute__type_support.cpp.o[0m
[6.130s] [ 13%] [32m[1mLinking C shared library libturtlesim__rosidl_generator_c.so[0m
[6.288s] [ 13%] Built target turtlesim__rosidl_generator_c
[6.326s] [ 14%] [34m[1mGenerating C++ type support for eProsima Fast-RTPS[0m
[7.079s] [ 15%] [32mBuilding CXX object CMakeFiles/turtlesim__rosidl_typesupport_cpp.dir/rosidl_typesupport_cpp/turtlesim/msg/color__type_support.cpp.o[0m
[7.618s] [ 16%] [32mBuilding CXX object CMakeFiles/turtlesim__rosidl_typesupport_cpp.dir/rosidl_typesupport_cpp/turtlesim/msg/pose__type_support.cpp.o[0m
[7.945s] [ 17%] [32mBuilding CXX object CMakeFiles/turtlesim__rosidl_typesupport_fastrtps_cpp.dir/rosidl_typesupport_fastrtps_cpp/turtlesim/action/detail/dds_fastrtps/rotate_absolute__type_support.cpp.o[0m
[8.188s] [ 18%] [32mBuilding CXX object CMakeFiles/turtlesim__rosidl_typesupport_cpp.dir/rosidl_typesupport_cpp/turtlesim/srv/kill__type_support.cpp.o[0m
[8.757s] [ 19%] [32mBuilding CXX object CMakeFiles/turtlesim__rosidl_typesupport_cpp.dir/rosidl_typesupport_cpp/turtlesim/srv/set_pen__type_support.cpp.o[0m
[9.186s] [ 20%] [32mBuilding CXX object CMakeFiles/turtlesim__rosidl_typesupport_fastrtps_cpp.dir/rosidl_typesupport_fastrtps_cpp/turtlesim/msg/detail/dds_fastrtps/color__type_support.cpp.o[0m
[9.331s] [ 21%] [32mBuilding CXX object CMakeFiles/turtlesim__rosidl_typesupport_cpp.dir/rosidl_typesupport_cpp/turtlesim/srv/spawn__type_support.cpp.o[0m
[9.913s] [ 22%] [32mBuilding CXX object CMakeFiles/turtlesim__rosidl_typesupport_cpp.dir/rosidl_typesupport_cpp/turtlesim/srv/teleport_absolute__type_support.cpp.o[0m
[9.991s] [ 23%] [32mBuilding CXX object CMakeFiles/turtlesim__rosidl_typesupport_fastrtps_cpp.dir/rosidl_typesupport_fastrtps_cpp/turtlesim/msg/detail/dds_fastrtps/pose__type_support.cpp.o[0m
[10.478s] [ 24%] [32mBuilding CXX object CMakeFiles/turtlesim__rosidl_typesupport_cpp.dir/rosidl_typesupport_cpp/turtlesim/srv/teleport_relative__type_support.cpp.o[0m
[10.778s] [ 25%] [32mBuilding CXX object CMakeFiles/turtlesim__rosidl_typesupport_fastrtps_cpp.dir/rosidl_typesupport_fastrtps_cpp/turtlesim/srv/detail/dds_fastrtps/kill__type_support.cpp.o[0m
[11.040s] [ 26%] [32m[1mLinking CXX shared library libturtlesim__rosidl_typesupport_cpp.so[0m
[11.187s] [ 26%] Built target turtlesim__rosidl_typesupport_cpp
[11.215s] [ 27%] [34m[1mGenerating C introspection for ROS interfaces[0m
[11.649s] [ 28%] [32mBuilding CXX object CMakeFiles/turtlesim__rosidl_typesupport_fastrtps_cpp.dir/rosidl_typesupport_fastrtps_cpp/turtlesim/srv/detail/dds_fastrtps/set_pen__type_support.cpp.o[0m
[12.515s] [ 29%] [32mBuilding CXX object CMakeFiles/turtlesim__rosidl_typesupport_fastrtps_cpp.dir/rosidl_typesupport_fastrtps_cpp/turtlesim/srv/detail/dds_fastrtps/spawn__type_support.cpp.o[0m
[12.699s] [ 30%] [32mBuilding C object CMakeFiles/turtlesim__rosidl_typesupport_introspection_c.dir/rosidl_typesupport_introspection_c/turtlesim/action/detail/rotate_absolute__type_support.c.o[0m
[12.814s] [ 31%] [32mBuilding C object CMakeFiles/turtlesim__rosidl_typesupport_introspection_c.dir/rosidl_typesupport_introspection_c/turtlesim/msg/detail/color__type_support.c.o[0m
[12.899s] [ 32%] [32mBuilding C object CMakeFiles/turtlesim__rosidl_typesupport_introspection_c.dir/rosidl_typesupport_introspection_c/turtlesim/msg/detail/pose__type_support.c.o[0m
[12.981s] [ 33%] [32mBuilding C object CMakeFiles/turtlesim__rosidl_typesupport_introspection_c.dir/rosidl_typesupport_introspection_c/turtlesim/srv/detail/kill__type_support.c.o[0m
[13.075s] [ 34%] [32mBuilding C object CMakeFiles/turtlesim__rosidl_typesupport_introspection_c.dir/rosidl_typesupport_introspection_c/turtlesim/srv/detail/set_pen__type_support.c.o[0m
[13.161s] [ 35%] [32mBuilding C object CMakeFiles/turtlesim__rosidl_typesupport_introspection_c.dir/rosidl_typesupport_introspection_c/turtlesim/srv/detail/spawn__type_support.c.o[0m
[13.249s] [ 36%] [32mBuilding C object CMakeFiles/turtlesim__rosidl_typesupport_introspection_c.dir/rosidl_typesupport_introspection_c/turtlesim/srv/detail/teleport_absolute__type_support.c.o[0m
[13.346s] [ 37%] [32mBuilding C object CMakeFiles/turtlesim__rosidl_typesupport_introspection_c.dir/rosidl_typesupport_introspection_c/turtlesim/srv/detail/teleport_relative__type_support.c.o[0m
[13.363s] [ 38%] [32mBuilding CXX object CMakeFiles/turtlesim__rosidl_typesupport_fastrtps_cpp.dir/rosidl_typesupport_fastrtps_cpp/turtlesim/srv/detail/dds_fastrtps/teleport_absolute__type_support.cpp.o[0m
[13.431s] [ 39%] [32m[1mLinking C shared library libturtlesim__rosidl_typesupport_introspection_c.so[0m
[13.559s] [ 39%] Built target turtlesim__rosidl_typesupport_introspection_c
[13.589s] [ 40%] [34m[1mGenerating C type support dispatch for ROS interfaces[0m
[14.273s] [ 41%] [32mBuilding CXX object CMakeFiles/turtlesim__rosidl_typesupport_fastrtps_cpp.dir/rosidl_typesupport_fastrtps_cpp/turtlesim/srv/detail/dds_fastrtps/teleport_relative__type_support.cpp.o[0m
[14.682s] [ 42%] [32mBuilding CXX object CMakeFiles/turtlesim__rosidl_typesupport_c.dir/rosidl_typesupport_c/turtlesim/action/rotate_absolute__type_support.cpp.o[0m
[14.802s] [ 43%] [32mBuilding CXX object CMakeFiles/turtlesim__rosidl_typesupport_c.dir/rosidl_typesupport_c/turtlesim/msg/color__type_support.cpp.o[0m
[14.886s] [ 44%] [32mBuilding CXX object CMakeFiles/turtlesim__rosidl_typesupport_c.dir/rosidl_typesupport_c/turtlesim/msg/pose__type_support.cpp.o[0m
[14.977s] [ 45%] [32mBuilding CXX object CMakeFiles/turtlesim__rosidl_typesupport_c.dir/rosidl_typesupport_c/turtlesim/srv/kill__type_support.cpp.o[0m
[15.070s] [ 46%] [32mBuilding CXX object CMakeFiles/turtlesim__rosidl_typesupport_c.dir/rosidl_typesupport_c/turtlesim/srv/set_pen__type_support.cpp.o[0m
[15.154s] [ 47%] [32mBuilding CXX object CMakeFiles/turtlesim__rosidl_typesupport_c.dir/rosidl_typesupport_c/turtlesim/srv/spawn__type_support.cpp.o[0m
[15.167s] [ 48%] [32m[1mLinking CXX shared library libturtlesim__rosidl_typesupport_fastrtps_cpp.so[0m
[15.243s] [ 49%] [32mBuilding CXX object CMakeFiles/turtlesim__rosidl_typesupport_c.dir/rosidl_typesupport_c/turtlesim/srv/teleport_absolute__type_support.cpp.o[0m
[15.338s] [ 50%] [32mBuilding CXX object CMakeFiles/turtlesim__rosidl_typesupport_c.dir/rosidl_typesupport_c/turtlesim/srv/teleport_relative__type_support.cpp.o[0m
[15.360s] [ 50%] Built target turtlesim__rosidl_typesupport_fastrtps_cpp
[15.387s] [ 51%] [34m[1mGenerating C++ introspection for ROS interfaces[0m
[15.423s] [ 52%] [32m[1mLinking CXX shared library libturtlesim__rosidl_typesupport_c.so[0m
[15.545s] [ 52%] Built target turtlesim__rosidl_typesupport_c
[15.979s] running egg_info
[15.981s] creating turtlesim.egg-info
[15.981s] writing turtlesim.egg-info/PKG-INFO
[15.981s] writing dependency_links to turtlesim.egg-info/dependency_links.txt
[15.982s] writing top-level names to turtlesim.egg-info/top_level.txt
[15.985s] writing manifest file 'turtlesim.egg-info/SOURCES.txt'
[15.985s] reading manifest file 'turtlesim.egg-info/SOURCES.txt'
[15.986s] writing manifest file 'turtlesim.egg-info/SOURCES.txt'
[16.049s] [ 52%] Built target ament_cmake_python_build_turtlesim_egg
[16.080s] [ 53%] [34m[1mGenerating include/turtlesim/moc_turtle_frame.cpp[0m
[16.326s] [ 54%] [32mBuilding CXX object CMakeFiles/turtlesim_node.dir/src/turtlesim.cpp.o[0m
[16.794s] [ 55%] [32mBuilding CXX object CMakeFiles/turtlesim__rosidl_typesupport_introspection_cpp.dir/rosidl_typesupport_introspection_cpp/turtlesim/action/detail/rotate_absolute__type_support.cpp.o[0m
[18.129s] [ 56%] [32mBuilding CXX object CMakeFiles/turtlesim__rosidl_typesupport_introspection_cpp.dir/rosidl_typesupport_introspection_cpp/turtlesim/msg/detail/color__type_support.cpp.o[0m
[18.925s] [ 57%] [32mBuilding CXX object CMakeFiles/turtlesim__rosidl_typesupport_introspection_cpp.dir/rosidl_typesupport_introspection_cpp/turtlesim/msg/detail/pose__type_support.cpp.o[0m
[19.720s] [ 58%] [32mBuilding CXX object CMakeFiles/turtlesim__rosidl_typesupport_introspection_cpp.dir/rosidl_typesupport_introspection_cpp/turtlesim/srv/detail/kill__type_support.cpp.o[0m
[20.536s] [ 59%] [32mBuilding CXX object CMakeFiles/turtlesim__rosidl_typesupport_introspection_cpp.dir/rosidl_typesupport_introspection_cpp/turtlesim/srv/detail/set_pen__type_support.cpp.o[0m
[21.351s] [ 60%] [32mBuilding CXX object CMakeFiles/turtlesim__rosidl_typesupport_introspection_cpp.dir/rosidl_typesupport_introspection_cpp/turtlesim/srv/detail/spawn__type_support.cpp.o[0m
[22.135s] [ 61%] [32mBuilding CXX object CMakeFiles/turtlesim__rosidl_typesupport_introspection_cpp.dir/rosidl_typesupport_introspection_cpp/turtlesim/srv/detail/teleport_absolute__type_support.cpp.o[0m
[22.923s] [ 62%] [32mBuilding CXX object CMakeFiles/turtlesim__rosidl_typesupport_introspection_cpp.dir/rosidl_typesupport_introspection_cpp/turtlesim/srv/detail/teleport_relative__type_support.cpp.o[0m
[23.665s] [ 63%] [32m[1mLinking CXX shared library libturtlesim__rosidl_typesupport_introspection_cpp.so[0m
[23.874s] [ 63%] Built target turtlesim__rosidl_typesupport_introspection_cpp
[23.939s] [ 64%] [32mBuilding CXX object CMakeFiles/turtle_teleop_key.dir/tutorials/teleop_turtle_key.cpp.o[0m
[26.807s] [ 65%] [32mBuilding CXX object CMakeFiles/turtlesim_node.dir/src/turtle.cpp.o[0m
[36.848s] [ 66%] [32m[1mLinking CXX executable turtle_teleop_key[0m
[37.509s] [ 66%] Built target turtle_teleop_key
[37.565s] [ 67%] [32mBuilding CXX object CMakeFiles/draw_square.dir/tutorials/draw_square.cpp.o[0m
[51.205s] [ 68%] [32mBuilding CXX object CMakeFiles/turtlesim_node.dir/src/turtle_frame.cpp.o[0m
[54.631s] [ 69%] [32m[1mLinking CXX executable draw_square[0m
[55.691s] [ 69%] Built target draw_square
[55.716s] [ 70%] [32mBuilding CXX object CMakeFiles/turtlesim_node.dir/include/turtlesim/moc_turtle_frame.cpp.o[0m
[65.658s] [ 71%] [32mBuilding CXX object CMakeFiles/mimic.dir/tutorials/mimic.cpp.o[0m
[75.724s] [ 72%] [32m[1mLinking CXX executable turtlesim_node[0m
[80.596s] [ 72%] Built target turtlesim_node
[80.629s] [ 73%] [34m[1mGenerating C type support for eProsima Fast-RTPS[0m
[82.372s] [ 74%] [32mBuilding CXX object CMakeFiles/turtlesim__rosidl_typesupport_fastrtps_c.dir/rosidl_typesupport_fastrtps_c/turtlesim/action/detail/rotate_absolute__type_support_c.cpp.o[0m
[83.223s] [ 75%] [32mBuilding CXX object CMakeFiles/turtlesim__rosidl_typesupport_fastrtps_c.dir/rosidl_typesupport_fastrtps_c/turtlesim/msg/detail/color__type_support_c.cpp.o[0m
[83.982s] [ 76%] [32mBuilding CXX object CMakeFiles/turtlesim__rosidl_typesupport_fastrtps_c.dir/rosidl_typesupport_fastrtps_c/turtlesim/msg/detail/pose__type_support_c.cpp.o[0m
[84.842s] [ 77%] [32mBuilding CXX object CMakeFiles/turtlesim__rosidl_typesupport_fastrtps_c.dir/rosidl_typesupport_fastrtps_c/turtlesim/srv/detail/kill__type_support_c.cpp.o[0m
[85.256s] [ 78%] [32m[1mLinking CXX executable mimic[0m
[85.629s] [ 79%] [32mBuilding CXX object CMakeFiles/turtlesim__rosidl_typesupport_fastrtps_c.dir/rosidl_typesupport_fastrtps_c/turtlesim/srv/detail/set_pen__type_support_c.cpp.o[0m
[86.122s] [ 79%] Built target mimic
[86.147s] [ 80%] [32mBuilding CXX object CMakeFiles/turtlesim__rosidl_typesupport_fastrtps_c.dir/rosidl_typesupport_fastrtps_c/turtlesim/srv/detail/spawn__type_support_c.cpp.o[0m
[86.343s] [ 81%] [32mBuilding CXX object CMakeFiles/turtlesim__rosidl_typesupport_fastrtps_c.dir/rosidl_typesupport_fastrtps_c/turtlesim/srv/detail/teleport_absolute__type_support_c.cpp.o[0m
[86.867s] [ 82%] [32mBuilding CXX object CMakeFiles/turtlesim__rosidl_typesupport_fastrtps_c.dir/rosidl_typesupport_fastrtps_c/turtlesim/srv/detail/teleport_relative__type_support_c.cpp.o[0m
[87.567s] [ 83%] [32m[1mLinking CXX shared library libturtlesim__rosidl_typesupport_fastrtps_c.so[0m
[87.777s] [ 83%] Built target turtlesim__rosidl_typesupport_fastrtps_c
[87.844s] [ 83%] Built target turtlesim
[87.910s] [ 84%] [34m[1mGenerating Python code for ROS interfaces[0m
[91.105s] [ 84%] Built target turtlesim__py
[91.170s] [ 86%] [32mBuilding C object CMakeFiles/turtlesim__rosidl_generator_py.dir/rosidl_generator_py/turtlesim/msg/_color_s.c.o[0m
[91.170s] [ 86%] [32mBuilding C object CMakeFiles/turtlesim__rosidl_generator_py.dir/rosidl_generator_py/turtlesim/action/_rotate_absolute_s.c.o[0m
[91.482s] [ 87%] [32mBuilding C object CMakeFiles/turtlesim__rosidl_generator_py.dir/rosidl_generator_py/turtlesim/msg/_pose_s.c.o[0m
[91.543s] [ 88%] [32mBuilding C object CMakeFiles/turtlesim__rosidl_generator_py.dir/rosidl_generator_py/turtlesim/srv/_kill_s.c.o[0m
[91.717s] [ 89%] [32mBuilding C object CMakeFiles/turtlesim__rosidl_generator_py.dir/rosidl_generator_py/turtlesim/srv/_set_pen_s.c.o[0m
[91.779s] [ 90%] [32mBuilding C object CMakeFiles/turtlesim__rosidl_generator_py.dir/rosidl_generator_py/turtlesim/srv/_spawn_s.c.o[0m
[91.958s] [ 91%] [32mBuilding C object CMakeFiles/turtlesim__rosidl_generator_py.dir/rosidl_generator_py/turtlesim/srv/_teleport_absolute_s.c.o[0m
[92.021s] [ 92%] [32mBuilding C object CMakeFiles/turtlesim__rosidl_generator_py.dir/rosidl_generator_py/turtlesim/srv/_teleport_relative_s.c.o[0m
[92.248s] [ 93%] [32m[1mLinking C shared library rosidl_generator_py/turtlesim/libturtlesim__rosidl_generator_py.so[0m
[92.375s] [ 93%] Built target turtlesim__rosidl_generator_py
[92.443s] [ 94%] [32mBuilding C object CMakeFiles/turtlesim__rosidl_typesupport_introspection_c__pyext.dir/rosidl_generator_py/turtlesim/_turtlesim_s.ep.rosidl_typesupport_introspection_c.c.o[0m
[92.443s] [ 95%] [32mBuilding C object CMakeFiles/turtlesim__rosidl_typesupport_fastrtps_c__pyext.dir/rosidl_generator_py/turtlesim/_turtlesim_s.ep.rosidl_typesupport_fastrtps_c.c.o[0m
[92.797s] [ 96%] [32m[1mLinking C shared library rosidl_generator_py/turtlesim/turtlesim_s__rosidl_typesupport_introspection_c.cpython-310-x86_64-linux-gnu.so[0m
[92.839s] [ 97%] [32m[1mLinking C shared library rosidl_generator_py/turtlesim/turtlesim_s__rosidl_typesupport_fastrtps_c.cpython-310-x86_64-linux-gnu.so[0m
[92.910s] [ 97%] Built target turtlesim__rosidl_typesupport_introspection_c__pyext
[92.970s] [ 97%] Built target turtlesim__rosidl_typesupport_fastrtps_c__pyext
[92.971s] [ 98%] [32mBuilding C object CMakeFiles/turtlesim__rosidl_typesupport_c__pyext.dir/rosidl_generator_py/turtlesim/_turtlesim_s.ep.rosidl_typesupport_c.c.o[0m
[93.310s] [100%] [32m[1mLinking C shared library rosidl_generator_py/turtlesim/turtlesim_s__rosidl_typesupport_c.cpython-310-x86_64-linux-gnu.so[0m
[93.427s] [100%] Built target turtlesim__rosidl_typesupport_c__pyext
[93.462s] Invoked command in '/home/lawrencehcj/hcj_ws/build/turtlesim' returned '0': CMAKE_PREFIX_PATH=${CMAKE_PREFIX_PATH}:/opt/ros/humble /usr/bin/cmake --build /home/lawrencehcj/hcj_ws/build/turtlesim -- -j2 -l2
[94.451s] Invoking command in '/home/lawrencehcj/hcj_ws/build/turtlesim': CMAKE_PREFIX_PATH=${CMAKE_PREFIX_PATH}:/opt/ros/humble /usr/bin/cmake --install /home/lawrencehcj/hcj_ws/build/turtlesim
[94.472s] -- Install configuration: ""
[94.472s] -- Installing: /home/lawrencehcj/hcj_ws/install/turtlesim/share/ament_index/resource_index/rosidl_interfaces/turtlesim
[94.472s] -- Installing: /home/lawrencehcj/hcj_ws/install/turtlesim/include/turtlesim/turtlesim
[94.472s] -- Installing: /home/lawrencehcj/hcj_ws/install/turtlesim/include/turtlesim/turtlesim/msg
[94.473s] -- Installing: /home/lawrencehcj/hcj_ws/install/turtlesim/include/turtlesim/turtlesim/msg/rosidl_generator_c__visibility_control.h
[94.473s] -- Installing: /home/lawrencehcj/hcj_ws/install/turtlesim/include/turtlesim/turtlesim/msg/detail
[94.473s] -- Installing: /home/lawrencehcj/hcj_ws/install/turtlesim/include/turtlesim/turtlesim/msg/detail/color__type_support.h
[94.473s] -- Installing: /home/lawrencehcj/hcj_ws/install/turtlesim/include/turtlesim/turtlesim/msg/detail/pose__struct.h
[94.473s] -- Installing: /home/lawrencehcj/hcj_ws/install/turtlesim/include/turtlesim/turtlesim/msg/detail/pose__type_support.h
[94.473s] -- Installing: /home/lawrencehcj/hcj_ws/install/turtlesim/include/turtlesim/turtlesim/msg/detail/pose__functions.h
[94.473s] -- Installing: /home/lawrencehcj/hcj_ws/install/turtlesim/include/turtlesim/turtlesim/msg/detail/pose__functions.c
[94.473s] -- Installing: /home/lawrencehcj/hcj_ws/install/turtlesim/include/turtlesim/turtlesim/msg/detail/color__functions.h
[94.474s] -- Installing: /home/lawrencehcj/hcj_ws/install/turtlesim/include/turtlesim/turtlesim/msg/detail/color__struct.h
[94.474s] -- Installing: /home/lawrencehcj/hcj_ws/install/turtlesim/include/turtlesim/turtlesim/msg/detail/color__functions.c
[94.474s] -- Installing: /home/lawrencehcj/hcj_ws/install/turtlesim/include/turtlesim/turtlesim/msg/color.h
[94.474s] -- Installing: /home/lawrencehcj/hcj_ws/install/turtlesim/include/turtlesim/turtlesim/msg/pose.h
[94.475s] -- Installing: /home/lawrencehcj/hcj_ws/install/turtlesim/include/turtlesim/turtlesim/action
[94.475s] -- Installing: /home/lawrencehcj/hcj_ws/install/turtlesim/include/turtlesim/turtlesim/action/detail
[94.475s] -- Installing: /home/lawrencehcj/hcj_ws/install/turtlesim/include/turtlesim/turtlesim/action/detail/rotate_absolute__functions.c
[94.475s] -- Installing: /home/lawrencehcj/hcj_ws/install/turtlesim/include/turtlesim/turtlesim/action/detail/rotate_absolute__type_support.h
[94.476s] -- Installing: /home/lawrencehcj/hcj_ws/install/turtlesim/include/turtlesim/turtlesim/action/detail/rotate_absolute__functions.h
[94.476s] -- Installing: /home/lawrencehcj/hcj_ws/install/turtlesim/include/turtlesim/turtlesim/action/detail/rotate_absolute__struct.h
[94.477s] -- Installing: /home/lawrencehcj/hcj_ws/install/turtlesim/include/turtlesim/turtlesim/action/rotate_absolute.h
[94.477s] -- Installing: /home/lawrencehcj/hcj_ws/install/turtlesim/include/turtlesim/turtlesim/srv
[94.478s] -- Installing: /home/lawrencehcj/hcj_ws/install/turtlesim/include/turtlesim/turtlesim/srv/kill.h
[94.478s] -- Installing: /home/lawrencehcj/hcj_ws/install/turtlesim/include/turtlesim/turtlesim/srv/teleport_relative.h
[94.478s] -- Installing: /home/lawrencehcj/hcj_ws/install/turtlesim/include/turtlesim/turtlesim/srv/detail
[94.478s] -- Installing: /home/lawrencehcj/hcj_ws/install/turtlesim/include/turtlesim/turtlesim/srv/detail/spawn__struct.h
[94.478s] -- Installing: /home/lawrencehcj/hcj_ws/install/turtlesim/include/turtlesim/turtlesim/srv/detail/teleport_absolute__struct.h
[94.480s] -- Installing: /home/lawrencehcj/hcj_ws/install/turtlesim/include/turtlesim/turtlesim/srv/detail/teleport_absolute__functions.h
[94.480s] -- Installing: /home/lawrencehcj/hcj_ws/install/turtlesim/include/turtlesim/turtlesim/srv/detail/set_pen__functions.c
[94.480s] -- Installing: /home/lawrencehcj/hcj_ws/install/turtlesim/include/turtlesim/turtlesim/srv/detail/kill__functions.c
[94.480s] -- Installing: /home/lawrencehcj/hcj_ws/install/turtlesim/include/turtlesim/turtlesim/srv/detail/kill__functions.h
[94.481s] -- Installing: /home/lawrencehcj/hcj_ws/install/turtlesim/include/turtlesim/turtlesim/srv/detail/teleport_relative__struct.h
[94.481s] -- Installing: /home/lawrencehcj/hcj_ws/install/turtlesim/include/turtlesim/turtlesim/srv/detail/kill__type_support.h
[94.481s] -- Installing: /home/lawrencehcj/hcj_ws/install/turtlesim/include/turtlesim/turtlesim/srv/detail/teleport_absolute__type_support.h
[94.481s] -- Installing: /home/lawrencehcj/hcj_ws/install/turtlesim/include/turtlesim/turtlesim/srv/detail/teleport_absolute__functions.c
[94.481s] -- Installing: /home/lawrencehcj/hcj_ws/install/turtlesim/include/turtlesim/turtlesim/srv/detail/spawn__functions.c
[94.481s] -- Installing: /home/lawrencehcj/hcj_ws/install/turtlesim/include/turtlesim/turtlesim/srv/detail/teleport_relative__functions.h
[94.481s] -- Installing: /home/lawrencehcj/hcj_ws/install/turtlesim/include/turtlesim/turtlesim/srv/detail/teleport_relative__type_support.h
[94.481s] -- Installing: /home/lawrencehcj/hcj_ws/install/turtlesim/include/turtlesim/turtlesim/srv/detail/set_pen__type_support.h
[94.482s] -- Installing: /home/lawrencehcj/hcj_ws/install/turtlesim/include/turtlesim/turtlesim/srv/detail/set_pen__struct.h
[94.482s] -- Installing: /home/lawrencehcj/hcj_ws/install/turtlesim/include/turtlesim/turtlesim/srv/detail/spawn__functions.h
[94.482s] -- Installing: /home/lawrencehcj/hcj_ws/install/turtlesim/include/turtlesim/turtlesim/srv/detail/kill__struct.h
[94.482s] -- Installing: /home/lawrencehcj/hcj_ws/install/turtlesim/include/turtlesim/turtlesim/srv/detail/set_pen__functions.h
[94.482s] -- Installing: /home/lawrencehcj/hcj_ws/install/turtlesim/include/turtlesim/turtlesim/srv/detail/spawn__type_support.h
[94.483s] -- Installing: /home/lawrencehcj/hcj_ws/install/turtlesim/include/turtlesim/turtlesim/srv/detail/teleport_relative__functions.c
[94.483s] -- Installing: /home/lawrencehcj/hcj_ws/install/turtlesim/include/turtlesim/turtlesim/srv/teleport_absolute.h
[94.483s] -- Installing: /home/lawrencehcj/hcj_ws/install/turtlesim/include/turtlesim/turtlesim/srv/spawn.h
[94.483s] -- Installing: /home/lawrencehcj/hcj_ws/install/turtlesim/include/turtlesim/turtlesim/srv/set_pen.h
[94.483s] -- Installing: /home/lawrencehcj/hcj_ws/install/turtlesim/share/turtlesim/environment/library_path.sh
[94.483s] -- Installing: /home/lawrencehcj/hcj_ws/install/turtlesim/share/turtlesim/environment/library_path.dsv
[94.484s] -- Installing: /home/lawrencehcj/hcj_ws/install/turtlesim/lib/libturtlesim__rosidl_generator_c.so
[94.484s] -- Set runtime path of "/home/lawrencehcj/hcj_ws/install/turtlesim/lib/libturtlesim__rosidl_generator_c.so" to ""
[94.484s] -- Up-to-date: /home/lawrencehcj/hcj_ws/install/turtlesim/include/turtlesim/turtlesim
[94.485s] -- Up-to-date: /home/lawrencehcj/hcj_ws/install/turtlesim/include/turtlesim/turtlesim/msg
[94.486s] -- Up-to-date: /home/lawrencehcj/hcj_ws/install/turtlesim/include/turtlesim/turtlesim/msg/detail
[94.486s] -- Installing: /home/lawrencehcj/hcj_ws/install/turtlesim/include/turtlesim/turtlesim/msg/detail/pose__rosidl_typesupport_fastrtps_c.h
[94.486s] -- Installing: /home/lawrencehcj/hcj_ws/install/turtlesim/include/turtlesim/turtlesim/msg/detail/color__rosidl_typesupport_fastrtps_c.h
[94.486s] -- Installing: /home/lawrencehcj/hcj_ws/install/turtlesim/include/turtlesim/turtlesim/msg/rosidl_typesupport_fastrtps_c__visibility_control.h
[94.486s] -- Up-to-date: /home/lawrencehcj/hcj_ws/install/turtlesim/include/turtlesim/turtlesim/action
[94.486s] -- Up-to-date: /home/lawrencehcj/hcj_ws/install/turtlesim/include/turtlesim/turtlesim/action/detail
[94.486s] -- Installing: /home/lawrencehcj/hcj_ws/install/turtlesim/include/turtlesim/turtlesim/action/detail/rotate_absolute__rosidl_typesupport_fastrtps_c.h
[94.486s] -- Up-to-date: /home/lawrencehcj/hcj_ws/install/turtlesim/include/turtlesim/turtlesim/srv
[94.487s] -- Up-to-date: /home/lawrencehcj/hcj_ws/install/turtlesim/include/turtlesim/turtlesim/srv/detail
[94.487s] -- Installing: /home/lawrencehcj/hcj_ws/install/turtlesim/include/turtlesim/turtlesim/srv/detail/set_pen__rosidl_typesupport_fastrtps_c.h
[94.487s] -- Installing: /home/lawrencehcj/hcj_ws/install/turtlesim/include/turtlesim/turtlesim/srv/detail/teleport_absolute__rosidl_typesupport_fastrtps_c.h
[94.487s] -- Installing: /home/lawrencehcj/hcj_ws/install/turtlesim/include/turtlesim/turtlesim/srv/detail/spawn__rosidl_typesupport_fastrtps_c.h
[94.487s] -- Installing: /home/lawrencehcj/hcj_ws/install/turtlesim/include/turtlesim/turtlesim/srv/detail/kill__rosidl_typesupport_fastrtps_c.h
[94.487s] -- Installing: /home/lawrencehcj/hcj_ws/install/turtlesim/include/turtlesim/turtlesim/srv/detail/teleport_relative__rosidl_typesupport_fastrtps_c.h
[94.487s] -- Installing: /home/lawrencehcj/hcj_ws/install/turtlesim/lib/libturtlesim__rosidl_typesupport_fastrtps_c.so
[94.488s] -- Set runtime path of "/home/lawrencehcj/hcj_ws/install/turtlesim/lib/libturtlesim__rosidl_typesupport_fastrtps_c.so" to ""
[94.488s] -- Up-to-date: /home/lawrencehcj/hcj_ws/install/turtlesim/include/turtlesim/turtlesim
[94.488s] -- Up-to-date: /home/lawrencehcj/hcj_ws/install/turtlesim/include/turtlesim/turtlesim/msg
[94.488s] -- Installing: /home/lawrencehcj/hcj_ws/install/turtlesim/include/turtlesim/turtlesim/msg/color.hpp
[94.488s] -- Up-to-date: /home/lawrencehcj/hcj_ws/install/turtlesim/include/turtlesim/turtlesim/msg/detail
[94.488s] -- Installing: /home/lawrencehcj/hcj_ws/install/turtlesim/include/turtlesim/turtlesim/msg/detail/color__struct.hpp
[94.489s] -- Installing: /home/lawrencehcj/hcj_ws/install/turtlesim/include/turtlesim/turtlesim/msg/detail/pose__builder.hpp
[94.489s] -- Installing: /home/lawrencehcj/hcj_ws/install/turtlesim/include/turtlesim/turtlesim/msg/detail/color__builder.hpp
[94.489s] -- Installing: /home/lawrencehcj/hcj_ws/install/turtlesim/include/turtlesim/turtlesim/msg/detail/pose__traits.hpp
[94.489s] -- Installing: /home/lawrencehcj/hcj_ws/install/turtlesim/include/turtlesim/turtlesim/msg/detail/color__traits.hpp
[94.489s] -- Installing: /home/lawrencehcj/hcj_ws/install/turtlesim/include/turtlesim/turtlesim/msg/detail/pose__struct.hpp
[94.489s] -- Installing: /home/lawrencehcj/hcj_ws/install/turtlesim/include/turtlesim/turtlesim/msg/pose.hpp
[94.489s] -- Up-to-date: /home/lawrencehcj/hcj_ws/install/turtlesim/include/turtlesim/turtlesim/action
[94.490s] -- Installing: /home/lawrencehcj/hcj_ws/install/turtlesim/include/turtlesim/turtlesim/action/rotate_absolute.hpp
[94.490s] -- Up-to-date: /home/lawrencehcj/hcj_ws/install/turtlesim/include/turtlesim/turtlesim/action/detail
[94.490s] -- Installing: /home/lawrencehcj/hcj_ws/install/turtlesim/include/turtlesim/turtlesim/action/detail/rotate_absolute__traits.hpp
[94.490s] -- Installing: /home/lawrencehcj/hcj_ws/install/turtlesim/include/turtlesim/turtlesim/action/detail/rotate_absolute__struct.hpp
[94.490s] -- Installing: /home/lawrencehcj/hcj_ws/install/turtlesim/include/turtlesim/turtlesim/action/detail/rotate_absolute__builder.hpp
[94.490s] -- Up-to-date: /home/lawrencehcj/hcj_ws/install/turtlesim/include/turtlesim/turtlesim/srv
[94.490s] -- Installing: /home/lawrencehcj/hcj_ws/install/turtlesim/include/turtlesim/turtlesim/srv/teleport_relative.hpp
[94.491s] -- Installing: /home/lawrencehcj/hcj_ws/install/turtlesim/include/turtlesim/turtlesim/srv/set_pen.hpp
[94.491s] -- Up-to-date: /home/lawrencehcj/hcj_ws/install/turtlesim/include/turtlesim/turtlesim/srv/detail
[94.491s] -- Installing: /home/lawrencehcj/hcj_ws/install/turtlesim/include/turtlesim/turtlesim/srv/detail/kill__builder.hpp
[94.491s] -- Installing: /home/lawrencehcj/hcj_ws/install/turtlesim/include/turtlesim/turtlesim/srv/detail/teleport_absolute__struct.hpp
[94.491s] -- Installing: /home/lawrencehcj/hcj_ws/install/turtlesim/include/turtlesim/turtlesim/srv/detail/set_pen__traits.hpp
[94.491s] -- Installing: /home/lawrencehcj/hcj_ws/install/turtlesim/include/turtlesim/turtlesim/srv/detail/kill__struct.hpp
[94.492s] -- Installing: /home/lawrencehcj/hcj_ws/install/turtlesim/include/turtlesim/turtlesim/srv/detail/teleport_relative__traits.hpp
[94.492s] -- Installing: /home/lawrencehcj/hcj_ws/install/turtlesim/include/turtlesim/turtlesim/srv/detail/set_pen__builder.hpp
[94.492s] -- Installing: /home/lawrencehcj/hcj_ws/install/turtlesim/include/turtlesim/turtlesim/srv/detail/spawn__builder.hpp
[94.492s] -- Installing: /home/lawrencehcj/hcj_ws/install/turtlesim/include/turtlesim/turtlesim/srv/detail/teleport_absolute__traits.hpp
[94.492s] -- Installing: /home/lawrencehcj/hcj_ws/install/turtlesim/include/turtlesim/turtlesim/srv/detail/spawn__struct.hpp
[94.492s] -- Installing: /home/lawrencehcj/hcj_ws/install/turtlesim/include/turtlesim/turtlesim/srv/detail/kill__traits.hpp
[94.492s] -- Installing: /home/lawrencehcj/hcj_ws/install/turtlesim/include/turtlesim/turtlesim/srv/detail/spawn__traits.hpp
[94.492s] -- Installing: /home/lawrencehcj/hcj_ws/install/turtlesim/include/turtlesim/turtlesim/srv/detail/set_pen__struct.hpp
[94.492s] -- Installing: /home/lawrencehcj/hcj_ws/install/turtlesim/include/turtlesim/turtlesim/srv/detail/teleport_relative__struct.hpp
[94.493s] -- Installing: /home/lawrencehcj/hcj_ws/install/turtlesim/include/turtlesim/turtlesim/srv/detail/teleport_relative__builder.hpp
[94.493s] -- Installing: /home/lawrencehcj/hcj_ws/install/turtlesim/include/turtlesim/turtlesim/srv/detail/teleport_absolute__builder.hpp
[94.493s] -- Installing: /home/lawrencehcj/hcj_ws/install/turtlesim/include/turtlesim/turtlesim/srv/teleport_absolute.hpp
[94.494s] -- Installing: /home/lawrencehcj/hcj_ws/install/turtlesim/include/turtlesim/turtlesim/srv/spawn.hpp
[94.494s] -- Installing: /home/lawrencehcj/hcj_ws/install/turtlesim/include/turtlesim/turtlesim/srv/kill.hpp
[94.494s] -- Up-to-date: /home/lawrencehcj/hcj_ws/install/turtlesim/include/turtlesim/turtlesim
[94.494s] -- Up-to-date: /home/lawrencehcj/hcj_ws/install/turtlesim/include/turtlesim/turtlesim/msg
[94.495s] -- Installing: /home/lawrencehcj/hcj_ws/install/turtlesim/include/turtlesim/turtlesim/msg/rosidl_typesupport_fastrtps_cpp__visibility_control.h
[94.495s] -- Up-to-date: /home/lawrencehcj/hcj_ws/install/turtlesim/include/turtlesim/turtlesim/msg/detail
[94.495s] -- Installing: /home/lawrencehcj/hcj_ws/install/turtlesim/include/turtlesim/turtlesim/msg/detail/pose__rosidl_typesupport_fastrtps_cpp.hpp
[94.495s] -- Installing: /home/lawrencehcj/hcj_ws/install/turtlesim/include/turtlesim/turtlesim/msg/detail/color__rosidl_typesupport_fastrtps_cpp.hpp
[94.495s] -- Installing: /home/lawrencehcj/hcj_ws/install/turtlesim/include/turtlesim/turtlesim/msg/detail/dds_fastrtps
[94.495s] -- Up-to-date: /home/lawrencehcj/hcj_ws/install/turtlesim/include/turtlesim/turtlesim/action
[94.495s] -- Up-to-date: /home/lawrencehcj/hcj_ws/install/turtlesim/include/turtlesim/turtlesim/action/detail
[94.495s] -- Installing: /home/lawrencehcj/hcj_ws/install/turtlesim/include/turtlesim/turtlesim/action/detail/rotate_absolute__rosidl_typesupport_fastrtps_cpp.hpp
[94.495s] -- Installing: /home/lawrencehcj/hcj_ws/install/turtlesim/include/turtlesim/turtlesim/action/detail/dds_fastrtps
[94.495s] -- Up-to-date: /home/lawrencehcj/hcj_ws/install/turtlesim/include/turtlesim/turtlesim/srv
[94.496s] -- Up-to-date: /home/lawrencehcj/hcj_ws/install/turtlesim/include/turtlesim/turtlesim/srv/detail
[94.496s] -- Installing: /home/lawrencehcj/hcj_ws/install/turtlesim/include/turtlesim/turtlesim/srv/detail/teleport_absolute__rosidl_typesupport_fastrtps_cpp.hpp
[94.496s] -- Installing: /home/lawrencehcj/hcj_ws/install/turtlesim/include/turtlesim/turtlesim/srv/detail/spawn__rosidl_typesupport_fastrtps_cpp.hpp
[94.496s] -- Installing: /home/lawrencehcj/hcj_ws/install/turtlesim/include/turtlesim/turtlesim/srv/detail/teleport_relative__rosidl_typesupport_fastrtps_cpp.hpp
[94.496s] -- Installing: /home/lawrencehcj/hcj_ws/install/turtlesim/include/turtlesim/turtlesim/srv/detail/kill__rosidl_typesupport_fastrtps_cpp.hpp
[94.496s] -- Installing: /home/lawrencehcj/hcj_ws/install/turtlesim/include/turtlesim/turtlesim/srv/detail/set_pen__rosidl_typesupport_fastrtps_cpp.hpp
[94.496s] -- Installing: /home/lawrencehcj/hcj_ws/install/turtlesim/include/turtlesim/turtlesim/srv/detail/dds_fastrtps
[94.496s] -- Installing: /home/lawrencehcj/hcj_ws/install/turtlesim/lib/libturtlesim__rosidl_typesupport_fastrtps_cpp.so
[94.497s] -- Set runtime path of "/home/lawrencehcj/hcj_ws/install/turtlesim/lib/libturtlesim__rosidl_typesupport_fastrtps_cpp.so" to ""
[94.498s] -- Up-to-date: /home/lawrencehcj/hcj_ws/install/turtlesim/include/turtlesim/turtlesim
[94.498s] -- Up-to-date: /home/lawrencehcj/hcj_ws/install/turtlesim/include/turtlesim/turtlesim/msg
[94.498s] -- Installing: /home/lawrencehcj/hcj_ws/install/turtlesim/include/turtlesim/turtlesim/msg/rosidl_typesupport_introspection_c__visibility_control.h
[94.498s] -- Up-to-date: /home/lawrencehcj/hcj_ws/install/turtlesim/include/turtlesim/turtlesim/msg/detail
[94.498s] -- Installing: /home/lawrencehcj/hcj_ws/install/turtlesim/include/turtlesim/turtlesim/msg/detail/color__rosidl_typesupport_introspection_c.h
[94.498s] -- Installing: /home/lawrencehcj/hcj_ws/install/turtlesim/include/turtlesim/turtlesim/msg/detail/pose__type_support.c
[94.498s] -- Installing: /home/lawrencehcj/hcj_ws/install/turtlesim/include/turtlesim/turtlesim/msg/detail/color__type_support.c
[94.499s] -- Installing: /home/lawrencehcj/hcj_ws/install/turtlesim/include/turtlesim/turtlesim/msg/detail/pose__rosidl_typesupport_introspection_c.h
[94.499s] -- Up-to-date: /home/lawrencehcj/hcj_ws/install/turtlesim/include/turtlesim/turtlesim/action
[94.499s] -- Up-to-date: /home/lawrencehcj/hcj_ws/install/turtlesim/include/turtlesim/turtlesim/action/detail
[94.499s] -- Installing: /home/lawrencehcj/hcj_ws/install/turtlesim/include/turtlesim/turtlesim/action/detail/rotate_absolute__rosidl_typesupport_introspection_c.h
[94.499s] -- Installing: /home/lawrencehcj/hcj_ws/install/turtlesim/include/turtlesim/turtlesim/action/detail/rotate_absolute__type_support.c
[94.499s] -- Up-to-date: /home/lawrencehcj/hcj_ws/install/turtlesim/include/turtlesim/turtlesim/srv
[94.499s] -- Up-to-date: /home/lawrencehcj/hcj_ws/install/turtlesim/include/turtlesim/turtlesim/srv/detail
[94.500s] -- Installing: /home/lawrencehcj/hcj_ws/install/turtlesim/include/turtlesim/turtlesim/srv/detail/spawn__rosidl_typesupport_introspection_c.h
[94.500s] -- Installing: /home/lawrencehcj/hcj_ws/install/turtlesim/include/turtlesim/turtlesim/srv/detail/teleport_absolute__type_support.c
[94.500s] -- Installing: /home/lawrencehcj/hcj_ws/install/turtlesim/include/turtlesim/turtlesim/srv/detail/kill__rosidl_typesupport_introspection_c.h
[94.500s] -- Installing: /home/lawrencehcj/hcj_ws/install/turtlesim/include/turtlesim/turtlesim/srv/detail/kill__type_support.c
[94.500s] -- Installing: /home/lawrencehcj/hcj_ws/install/turtlesim/include/turtlesim/turtlesim/srv/detail/teleport_relative__type_support.c
[94.501s] -- Installing: /home/lawrencehcj/hcj_ws/install/turtlesim/include/turtlesim/turtlesim/srv/detail/teleport_absolute__rosidl_typesupport_introspection_c.h
[94.501s] -- Installing: /home/lawrencehcj/hcj_ws/install/turtlesim/include/turtlesim/turtlesim/srv/detail/set_pen__type_support.c
[94.501s] -- Installing: /home/lawrencehcj/hcj_ws/install/turtlesim/include/turtlesim/turtlesim/srv/detail/spawn__type_support.c
[94.501s] -- Installing: /home/lawrencehcj/hcj_ws/install/turtlesim/include/turtlesim/turtlesim/srv/detail/set_pen__rosidl_typesupport_introspection_c.h
[94.501s] -- Installing: /home/lawrencehcj/hcj_ws/install/turtlesim/include/turtlesim/turtlesim/srv/detail/teleport_relative__rosidl_typesupport_introspection_c.h
[94.501s] -- Installing: /home/lawrencehcj/hcj_ws/install/turtlesim/lib/libturtlesim__rosidl_typesupport_introspection_c.so
[94.503s] -- Set runtime path of "/home/lawrencehcj/hcj_ws/install/turtlesim/lib/libturtlesim__rosidl_typesupport_introspection_c.so" to ""
[94.503s] -- Installing: /home/lawrencehcj/hcj_ws/install/turtlesim/lib/libturtlesim__rosidl_typesupport_c.so
[94.503s] -- Set runtime path of "/home/lawrencehcj/hcj_ws/install/turtlesim/lib/libturtlesim__rosidl_typesupport_c.so" to ""
[94.503s] -- Up-to-date: /home/lawrencehcj/hcj_ws/install/turtlesim/include/turtlesim/turtlesim
[94.504s] -- Up-to-date: /home/lawrencehcj/hcj_ws/install/turtlesim/include/turtlesim/turtlesim/msg
[94.504s] -- Up-to-date: /home/lawrencehcj/hcj_ws/install/turtlesim/include/turtlesim/turtlesim/msg/detail
[94.504s] -- Installing: /home/lawrencehcj/hcj_ws/install/turtlesim/include/turtlesim/turtlesim/msg/detail/pose__type_support.cpp
[94.504s] -- Installing: /home/lawrencehcj/hcj_ws/install/turtlesim/include/turtlesim/turtlesim/msg/detail/color__type_support.cpp
[94.504s] -- Installing: /home/lawrencehcj/hcj_ws/install/turtlesim/include/turtlesim/turtlesim/msg/detail/pose__rosidl_typesupport_introspection_cpp.hpp
[94.504s] -- Installing: /home/lawrencehcj/hcj_ws/install/turtlesim/include/turtlesim/turtlesim/msg/detail/color__rosidl_typesupport_introspection_cpp.hpp
[94.504s] -- Up-to-date: /home/lawrencehcj/hcj_ws/install/turtlesim/include/turtlesim/turtlesim/action
[94.505s] -- Up-to-date: /home/lawrencehcj/hcj_ws/install/turtlesim/include/turtlesim/turtlesim/action/detail
[94.505s] -- Installing: /home/lawrencehcj/hcj_ws/install/turtlesim/include/turtlesim/turtlesim/action/detail/rotate_absolute__rosidl_typesupport_introspection_cpp.hpp
[94.505s] -- Installing: /home/lawrencehcj/hcj_ws/install/turtlesim/include/turtlesim/turtlesim/action/detail/rotate_absolute__type_support.cpp
[94.505s] -- Up-to-date: /home/lawrencehcj/hcj_ws/install/turtlesim/include/turtlesim/turtlesim/srv
[94.505s] -- Up-to-date: /home/lawrencehcj/hcj_ws/install/turtlesim/include/turtlesim/turtlesim/srv/detail
[94.505s] -- Installing: /home/lawrencehcj/hcj_ws/install/turtlesim/include/turtlesim/turtlesim/srv/detail/set_pen__type_support.cpp
[94.506s] -- Installing: /home/lawrencehcj/hcj_ws/install/turtlesim/include/turtlesim/turtlesim/srv/detail/teleport_absolute__type_support.cpp
[94.506s] -- Installing: /home/lawrencehcj/hcj_ws/install/turtlesim/include/turtlesim/turtlesim/srv/detail/spawn__type_support.cpp
[94.506s] -- Installing: /home/lawrencehcj/hcj_ws/install/turtlesim/include/turtlesim/turtlesim/srv/detail/set_pen__rosidl_typesupport_introspection_cpp.hpp
[94.506s] -- Installing: /home/lawrencehcj/hcj_ws/install/turtlesim/include/turtlesim/turtlesim/srv/detail/kill__rosidl_typesupport_introspection_cpp.hpp
[94.506s] -- Installing: /home/lawrencehcj/hcj_ws/install/turtlesim/include/turtlesim/turtlesim/srv/detail/spawn__rosidl_typesupport_introspection_cpp.hpp
[94.507s] -- Installing: /home/lawrencehcj/hcj_ws/install/turtlesim/include/turtlesim/turtlesim/srv/detail/teleport_absolute__rosidl_typesupport_introspection_cpp.hpp
[94.507s] -- Installing: /home/lawrencehcj/hcj_ws/install/turtlesim/include/turtlesim/turtlesim/srv/detail/teleport_relative__rosidl_typesupport_introspection_cpp.hpp
[94.507s] -- Installing: /home/lawrencehcj/hcj_ws/install/turtlesim/include/turtlesim/turtlesim/srv/detail/kill__type_support.cpp
[94.507s] -- Installing: /home/lawrencehcj/hcj_ws/install/turtlesim/include/turtlesim/turtlesim/srv/detail/teleport_relative__type_support.cpp
[94.508s] -- Installing: /home/lawrencehcj/hcj_ws/install/turtlesim/lib/libturtlesim__rosidl_typesupport_introspection_cpp.so
[94.509s] -- Set runtime path of "/home/lawrencehcj/hcj_ws/install/turtlesim/lib/libturtlesim__rosidl_typesupport_introspection_cpp.so" to ""
[94.509s] -- Installing: /home/lawrencehcj/hcj_ws/install/turtlesim/lib/libturtlesim__rosidl_typesupport_cpp.so
[94.510s] -- Set runtime path of "/home/lawrencehcj/hcj_ws/install/turtlesim/lib/libturtlesim__rosidl_typesupport_cpp.so" to ""
[94.510s] -- Installing: /home/lawrencehcj/hcj_ws/install/turtlesim/share/turtlesim/environment/pythonpath.sh
[94.510s] -- Installing: /home/lawrencehcj/hcj_ws/install/turtlesim/share/turtlesim/environment/pythonpath.dsv
[94.510s] -- Installing: /home/lawrencehcj/hcj_ws/install/turtlesim/local/lib/python3.10/dist-packages/turtlesim-1.4.2-py3.10.egg-info
[94.511s] -- Installing: /home/lawrencehcj/hcj_ws/install/turtlesim/local/lib/python3.10/dist-packages/turtlesim-1.4.2-py3.10.egg-info/PKG-INFO
[94.511s] -- Installing: /home/lawrencehcj/hcj_ws/install/turtlesim/local/lib/python3.10/dist-packages/turtlesim-1.4.2-py3.10.egg-info/top_level.txt
[94.511s] -- Installing: /home/lawrencehcj/hcj_ws/install/turtlesim/local/lib/python3.10/dist-packages/turtlesim-1.4.2-py3.10.egg-info/SOURCES.txt
[94.511s] -- Installing: /home/lawrencehcj/hcj_ws/install/turtlesim/local/lib/python3.10/dist-packages/turtlesim-1.4.2-py3.10.egg-info/dependency_links.txt
[94.512s] -- Installing: /home/lawrencehcj/hcj_ws/install/turtlesim/local/lib/python3.10/dist-packages/turtlesim
[94.512s] -- Installing: /home/lawrencehcj/hcj_ws/install/turtlesim/local/lib/python3.10/dist-packages/turtlesim/libturtlesim__rosidl_generator_py.so
[94.512s] -- Installing: /home/lawrencehcj/hcj_ws/install/turtlesim/local/lib/python3.10/dist-packages/turtlesim/_turtlesim_s.ep.rosidl_typesupport_fastrtps_c.c
[94.513s] -- Installing: /home/lawrencehcj/hcj_ws/install/turtlesim/local/lib/python3.10/dist-packages/turtlesim/msg
[94.513s] -- Installing: /home/lawrencehcj/hcj_ws/install/turtlesim/local/lib/python3.10/dist-packages/turtlesim/msg/_color_s.c
[94.513s] -- Installing: /home/lawrencehcj/hcj_ws/install/turtlesim/local/lib/python3.10/dist-packages/turtlesim/msg/_color.py
[94.513s] -- Installing: /home/lawrencehcj/hcj_ws/install/turtlesim/local/lib/python3.10/dist-packages/turtlesim/msg/__init__.py
[94.514s] -- Installing: /home/lawrencehcj/hcj_ws/install/turtlesim/local/lib/python3.10/dist-packages/turtlesim/msg/_pose_s.c
[94.514s] -- Installing: /home/lawrencehcj/hcj_ws/install/turtlesim/local/lib/python3.10/dist-packages/turtlesim/msg/_pose.py
[94.514s] -- Installing: /home/lawrencehcj/hcj_ws/install/turtlesim/local/lib/python3.10/dist-packages/turtlesim/_turtlesim_s.ep.rosidl_typesupport_c.c
[94.514s] -- Installing: /home/lawrencehcj/hcj_ws/install/turtlesim/local/lib/python3.10/dist-packages/turtlesim/action
[94.515s] -- Installing: /home/lawrencehcj/hcj_ws/install/turtlesim/local/lib/python3.10/dist-packages/turtlesim/action/_rotate_absolute.py
[94.515s] -- Installing: /home/lawrencehcj/hcj_ws/install/turtlesim/local/lib/python3.10/dist-packages/turtlesim/action/__init__.py
[94.515s] -- Installing: /home/lawrencehcj/hcj_ws/install/turtlesim/local/lib/python3.10/dist-packages/turtlesim/action/_rotate_absolute_s.c
[94.516s] -- Installing: /home/lawrencehcj/hcj_ws/install/turtlesim/local/lib/python3.10/dist-packages/turtlesim/srv
[94.516s] -- Installing: /home/lawrencehcj/hcj_ws/install/turtlesim/local/lib/python3.10/dist-packages/turtlesim/srv/_teleport_absolute.py
[94.516s] -- Installing: /home/lawrencehcj/hcj_ws/install/turtlesim/local/lib/python3.10/dist-packages/turtlesim/srv/_set_pen.py
[94.516s] -- Installing: /home/lawrencehcj/hcj_ws/install/turtlesim/local/lib/python3.10/dist-packages/turtlesim/srv/_spawn_s.c
[94.516s] -- Installing: /home/lawrencehcj/hcj_ws/install/turtlesim/local/lib/python3.10/dist-packages/turtlesim/srv/_set_pen_s.c
[94.517s] -- Installing: /home/lawrencehcj/hcj_ws/install/turtlesim/local/lib/python3.10/dist-packages/turtlesim/srv/_teleport_relative.py
[94.517s] -- Installing: /home/lawrencehcj/hcj_ws/install/turtlesim/local/lib/python3.10/dist-packages/turtlesim/srv/_spawn.py
[94.518s] -- Installing: /home/lawrencehcj/hcj_ws/install/turtlesim/local/lib/python3.10/dist-packages/turtlesim/srv/_teleport_relative_s.c
[94.518s] -- Installing: /home/lawrencehcj/hcj_ws/install/turtlesim/local/lib/python3.10/dist-packages/turtlesim/srv/__init__.py
[94.518s] -- Installing: /home/lawrencehcj/hcj_ws/install/turtlesim/local/lib/python3.10/dist-packages/turtlesim/srv/_kill.py
[94.518s] -- Installing: /home/lawrencehcj/hcj_ws/install/turtlesim/local/lib/python3.10/dist-packages/turtlesim/srv/_kill_s.c
[94.518s] -- Installing: /home/lawrencehcj/hcj_ws/install/turtlesim/local/lib/python3.10/dist-packages/turtlesim/srv/_teleport_absolute_s.c
[94.518s] -- Installing: /home/lawrencehcj/hcj_ws/install/turtlesim/local/lib/python3.10/dist-packages/turtlesim/turtlesim_s__rosidl_typesupport_c.cpython-310-x86_64-linux-gnu.so
[94.518s] -- Installing: /home/lawrencehcj/hcj_ws/install/turtlesim/local/lib/python3.10/dist-packages/turtlesim/_turtlesim_s.ep.rosidl_typesupport_introspection_c.c
[94.519s] -- Installing: /home/lawrencehcj/hcj_ws/install/turtlesim/local/lib/python3.10/dist-packages/turtlesim/turtlesim_s__rosidl_typesupport_introspection_c.cpython-310-x86_64-linux-gnu.so
[94.519s] -- Installing: /home/lawrencehcj/hcj_ws/install/turtlesim/local/lib/python3.10/dist-packages/turtlesim/__init__.py
[94.519s] -- Installing: /home/lawrencehcj/hcj_ws/install/turtlesim/local/lib/python3.10/dist-packages/turtlesim/turtlesim_s__rosidl_typesupport_fastrtps_c.cpython-310-x86_64-linux-gnu.so
[94.641s] Listing '/home/lawrencehcj/hcj_ws/install/turtlesim/local/lib/python3.10/dist-packages/turtlesim'...
[94.641s] Compiling '/home/lawrencehcj/hcj_ws/install/turtlesim/local/lib/python3.10/dist-packages/turtlesim/__init__.py'...
[94.641s] Listing '/home/lawrencehcj/hcj_ws/install/turtlesim/local/lib/python3.10/dist-packages/turtlesim/action'...
[94.641s] Compiling '/home/lawrencehcj/hcj_ws/install/turtlesim/local/lib/python3.10/dist-packages/turtlesim/action/__init__.py'...
[94.641s] Compiling '/home/lawrencehcj/hcj_ws/install/turtlesim/local/lib/python3.10/dist-packages/turtlesim/action/_rotate_absolute.py'...
[94.642s] Listing '/home/lawrencehcj/hcj_ws/install/turtlesim/local/lib/python3.10/dist-packages/turtlesim/msg'...
[94.642s] Compiling '/home/lawrencehcj/hcj_ws/install/turtlesim/local/lib/python3.10/dist-packages/turtlesim/msg/__init__.py'...
[94.642s] Compiling '/home/lawrencehcj/hcj_ws/install/turtlesim/local/lib/python3.10/dist-packages/turtlesim/msg/_color.py'...
[94.642s] Compiling '/home/lawrencehcj/hcj_ws/install/turtlesim/local/lib/python3.10/dist-packages/turtlesim/msg/_pose.py'...
[94.642s] Listing '/home/lawrencehcj/hcj_ws/install/turtlesim/local/lib/python3.10/dist-packages/turtlesim/srv'...
[94.642s] Compiling '/home/lawrencehcj/hcj_ws/install/turtlesim/local/lib/python3.10/dist-packages/turtlesim/srv/__init__.py'...
[94.642s] Compiling '/home/lawrencehcj/hcj_ws/install/turtlesim/local/lib/python3.10/dist-packages/turtlesim/srv/_kill.py'...
[94.642s] Compiling '/home/lawrencehcj/hcj_ws/install/turtlesim/local/lib/python3.10/dist-packages/turtlesim/srv/_set_pen.py'...
[94.643s] Compiling '/home/lawrencehcj/hcj_ws/install/turtlesim/local/lib/python3.10/dist-packages/turtlesim/srv/_spawn.py'...
[94.643s] Compiling '/home/lawrencehcj/hcj_ws/install/turtlesim/local/lib/python3.10/dist-packages/turtlesim/srv/_teleport_absolute.py'...
[94.643s] Compiling '/home/lawrencehcj/hcj_ws/install/turtlesim/local/lib/python3.10/dist-packages/turtlesim/srv/_teleport_relative.py'...
[94.650s] -- Installing: /home/lawrencehcj/hcj_ws/install/turtlesim/local/lib/python3.10/dist-packages/turtlesim/turtlesim_s__rosidl_typesupport_fastrtps_c.cpython-310-x86_64-linux-gnu.so
[94.651s] -- Set runtime path of "/home/lawrencehcj/hcj_ws/install/turtlesim/local/lib/python3.10/dist-packages/turtlesim/turtlesim_s__rosidl_typesupport_fastrtps_c.cpython-310-x86_64-linux-gnu.so" to ""
[94.651s] -- Installing: /home/lawrencehcj/hcj_ws/install/turtlesim/local/lib/python3.10/dist-packages/turtlesim/turtlesim_s__rosidl_typesupport_introspection_c.cpython-310-x86_64-linux-gnu.so
[94.652s] -- Set runtime path of "/home/lawrencehcj/hcj_ws/install/turtlesim/local/lib/python3.10/dist-packages/turtlesim/turtlesim_s__rosidl_typesupport_introspection_c.cpython-310-x86_64-linux-gnu.so" to ""
[94.654s] -- Installing: /home/lawrencehcj/hcj_ws/install/turtlesim/local/lib/python3.10/dist-packages/turtlesim/turtlesim_s__rosidl_typesupport_c.cpython-310-x86_64-linux-gnu.so
[94.654s] -- Set runtime path of "/home/lawrencehcj/hcj_ws/install/turtlesim/local/lib/python3.10/dist-packages/turtlesim/turtlesim_s__rosidl_typesupport_c.cpython-310-x86_64-linux-gnu.so" to ""
[94.655s] -- Installing: /home/lawrencehcj/hcj_ws/install/turtlesim/lib/libturtlesim__rosidl_generator_py.so
[94.655s] -- Set runtime path of "/home/lawrencehcj/hcj_ws/install/turtlesim/lib/libturtlesim__rosidl_generator_py.so" to ""
[94.656s] -- Installing: /home/lawrencehcj/hcj_ws/install/turtlesim/share/turtlesim/action/RotateAbsolute.idl
[94.667s] -- Installing: /home/lawrencehcj/hcj_ws/install/turtlesim/share/turtlesim/msg/Color.idl
[94.667s] -- Installing: /home/lawrencehcj/hcj_ws/install/turtlesim/share/turtlesim/msg/Pose.idl
[94.667s] -- Installing: /home/lawrencehcj/hcj_ws/install/turtlesim/share/turtlesim/srv/Kill.idl
[94.667s] -- Installing: /home/lawrencehcj/hcj_ws/install/turtlesim/share/turtlesim/srv/SetPen.idl
[94.668s] -- Installing: /home/lawrencehcj/hcj_ws/install/turtlesim/share/turtlesim/srv/Spawn.idl
[94.668s] -- Installing: /home/lawrencehcj/hcj_ws/install/turtlesim/share/turtlesim/srv/TeleportAbsolute.idl
[94.668s] -- Installing: /home/lawrencehcj/hcj_ws/install/turtlesim/share/turtlesim/srv/TeleportRelative.idl
[94.668s] -- Installing: /home/lawrencehcj/hcj_ws/install/turtlesim/share/turtlesim/action/RotateAbsolute.action
[94.668s] -- Installing: /home/lawrencehcj/hcj_ws/install/turtlesim/share/turtlesim/msg/Color.msg
[94.668s] -- Installing: /home/lawrencehcj/hcj_ws/install/turtlesim/share/turtlesim/msg/Pose.msg
[94.668s] -- Installing: /home/lawrencehcj/hcj_ws/install/turtlesim/share/turtlesim/srv/Kill.srv
[94.669s] -- Installing: /home/lawrencehcj/hcj_ws/install/turtlesim/share/turtlesim/srv/Kill_Request.msg
[94.669s] -- Installing: /home/lawrencehcj/hcj_ws/install/turtlesim/share/turtlesim/srv/Kill_Response.msg
[94.669s] -- Installing: /home/lawrencehcj/hcj_ws/install/turtlesim/share/turtlesim/srv/SetPen.srv
[94.669s] -- Installing: /home/lawrencehcj/hcj_ws/install/turtlesim/share/turtlesim/srv/SetPen_Request.msg
[94.669s] -- Installing: /home/lawrencehcj/hcj_ws/install/turtlesim/share/turtlesim/srv/SetPen_Response.msg
[94.669s] -- Installing: /home/lawrencehcj/hcj_ws/install/turtlesim/share/turtlesim/srv/Spawn.srv
[94.669s] -- Installing: /home/lawrencehcj/hcj_ws/install/turtlesim/share/turtlesim/srv/Spawn_Request.msg
[94.669s] -- Installing: /home/lawrencehcj/hcj_ws/install/turtlesim/share/turtlesim/srv/Spawn_Response.msg
[94.669s] -- Installing: /home/lawrencehcj/hcj_ws/install/turtlesim/share/turtlesim/srv/TeleportAbsolute.srv
[94.669s] -- Installing: /home/lawrencehcj/hcj_ws/install/turtlesim/share/turtlesim/srv/TeleportAbsolute_Request.msg
[94.669s] -- Installing: /home/lawrencehcj/hcj_ws/install/turtlesim/share/turtlesim/srv/TeleportAbsolute_Response.msg
[94.670s] -- Installing: /home/lawrencehcj/hcj_ws/install/turtlesim/share/turtlesim/srv/TeleportRelative.srv
[94.670s] -- Installing: /home/lawrencehcj/hcj_ws/install/turtlesim/share/turtlesim/srv/TeleportRelative_Request.msg
[94.670s] -- Installing: /home/lawrencehcj/hcj_ws/install/turtlesim/share/turtlesim/srv/TeleportRelative_Response.msg
[94.670s] -- Installing: /home/lawrencehcj/hcj_ws/install/turtlesim/lib/turtlesim/turtlesim_node
[94.679s] -- Set runtime path of "/home/lawrencehcj/hcj_ws/install/turtlesim/lib/turtlesim/turtlesim_node" to ""
[94.679s] -- Installing: /home/lawrencehcj/hcj_ws/install/turtlesim/lib/turtlesim/turtle_teleop_key
[94.684s] -- Set runtime path of "/home/lawrencehcj/hcj_ws/install/turtlesim/lib/turtlesim/turtle_teleop_key" to ""
[94.684s] -- Installing: /home/lawrencehcj/hcj_ws/install/turtlesim/lib/turtlesim/draw_square
[94.692s] -- Set runtime path of "/home/lawrencehcj/hcj_ws/install/turtlesim/lib/turtlesim/draw_square" to ""
[94.692s] -- Installing: /home/lawrencehcj/hcj_ws/install/turtlesim/lib/turtlesim/mimic
[94.699s] -- Set runtime path of "/home/lawrencehcj/hcj_ws/install/turtlesim/lib/turtlesim/mimic" to ""
[94.699s] -- Installing: /home/lawrencehcj/hcj_ws/install/turtlesim/share/turtlesim/images
[94.699s] -- Installing: /home/lawrencehcj/hcj_ws/install/turtlesim/share/turtlesim/images/eloquent.png
[94.700s] -- Installing: /home/lawrencehcj/hcj_ws/install/turtlesim/share/turtlesim/images/humble.png
[94.700s] -- Installing: /home/lawrencehcj/hcj_ws/install/turtlesim/share/turtlesim/images/foxy.png
[94.700s] -- Installing: /home/lawrencehcj/hcj_ws/install/turtlesim/share/turtlesim/images/bouncy.png
[94.700s] -- Installing: /home/lawrencehcj/hcj_ws/install/turtlesim/share/turtlesim/images/rolling.png
[94.701s] -- Installing: /home/lawrencehcj/hcj_ws/install/turtlesim/share/turtlesim/images/ardent.png
[94.703s] -- Installing: /home/lawrencehcj/hcj_ws/install/turtlesim/share/turtlesim/images/crystal.png
[94.703s] -- Installing: /home/lawrencehcj/hcj_ws/install/turtlesim/share/turtlesim/images/galactic.png
[94.703s] -- Installing: /home/lawrencehcj/hcj_ws/install/turtlesim/share/turtlesim/images/dashing.png
[94.703s] -- Installing: /home/lawrencehcj/hcj_ws/install/turtlesim/share/turtlesim/launch
[94.703s] -- Installing: /home/lawrencehcj/hcj_ws/install/turtlesim/share/turtlesim/launch/multisim.launch.py
[94.706s] -- Installing: /home/lawrencehcj/hcj_ws/install/turtlesim/share/ament_index/resource_index/package_run_dependencies/turtlesim
[94.706s] -- Installing: /home/lawrencehcj/hcj_ws/install/turtlesim/share/ament_index/resource_index/parent_prefix_path/turtlesim
[94.706s] -- Installing: /home/lawrencehcj/hcj_ws/install/turtlesim/share/turtlesim/environment/ament_prefix_path.sh
[94.706s] -- Installing: /home/lawrencehcj/hcj_ws/install/turtlesim/share/turtlesim/environment/ament_prefix_path.dsv
[94.706s] -- Installing: /home/lawrencehcj/hcj_ws/install/turtlesim/share/turtlesim/environment/path.sh
[94.706s] -- Installing: /home/lawrencehcj/hcj_ws/install/turtlesim/share/turtlesim/environment/path.dsv
[94.707s] -- Installing: /home/lawrencehcj/hcj_ws/install/turtlesim/share/turtlesim/local_setup.bash
[94.707s] -- Installing: /home/lawrencehcj/hcj_ws/install/turtlesim/share/turtlesim/local_setup.sh
[94.707s] -- Installing: /home/lawrencehcj/hcj_ws/install/turtlesim/share/turtlesim/local_setup.zsh
[94.707s] -- Installing: /home/lawrencehcj/hcj_ws/install/turtlesim/share/turtlesim/local_setup.dsv
[94.707s] -- Installing: /home/lawrencehcj/hcj_ws/install/turtlesim/share/turtlesim/package.dsv
[94.709s] -- Installing: /home/lawrencehcj/hcj_ws/install/turtlesim/share/ament_index/resource_index/packages/turtlesim
[94.709s] -- Installing: /home/lawrencehcj/hcj_ws/install/turtlesim/share/turtlesim/cmake/export_turtlesim__rosidl_generator_cExport.cmake
[94.709s] -- Installing: /home/lawrencehcj/hcj_ws/install/turtlesim/share/turtlesim/cmake/export_turtlesim__rosidl_generator_cExport-noconfig.cmake
[94.709s] -- Installing: /home/lawrencehcj/hcj_ws/install/turtlesim/share/turtlesim/cmake/export_turtlesim__rosidl_typesupport_fastrtps_cExport.cmake
[94.709s] -- Installing: /home/lawrencehcj/hcj_ws/install/turtlesim/share/turtlesim/cmake/export_turtlesim__rosidl_typesupport_fastrtps_cExport-noconfig.cmake
[94.710s] -- Installing: /home/lawrencehcj/hcj_ws/install/turtlesim/share/turtlesim/cmake/export_turtlesim__rosidl_generator_cppExport.cmake
[94.710s] -- Installing: /home/lawrencehcj/hcj_ws/install/turtlesim/share/turtlesim/cmake/export_turtlesim__rosidl_typesupport_fastrtps_cppExport.cmake
[94.710s] -- Installing: /home/lawrencehcj/hcj_ws/install/turtlesim/share/turtlesim/cmake/export_turtlesim__rosidl_typesupport_fastrtps_cppExport-noconfig.cmake
[94.710s] -- Installing: /home/lawrencehcj/hcj_ws/install/turtlesim/share/turtlesim/cmake/turtlesim__rosidl_typesupport_introspection_cExport.cmake
[94.710s] -- Installing: /home/lawrencehcj/hcj_ws/install/turtlesim/share/turtlesim/cmake/turtlesim__rosidl_typesupport_introspection_cExport-noconfig.cmake
[94.710s] -- Installing: /home/lawrencehcj/hcj_ws/install/turtlesim/share/turtlesim/cmake/turtlesim__rosidl_typesupport_cExport.cmake
[94.710s] -- Installing: /home/lawrencehcj/hcj_ws/install/turtlesim/share/turtlesim/cmake/turtlesim__rosidl_typesupport_cExport-noconfig.cmake
[94.710s] -- Installing: /home/lawrencehcj/hcj_ws/install/turtlesim/share/turtlesim/cmake/turtlesim__rosidl_typesupport_introspection_cppExport.cmake
[94.710s] -- Installing: /home/lawrencehcj/hcj_ws/install/turtlesim/share/turtlesim/cmake/turtlesim__rosidl_typesupport_introspection_cppExport-noconfig.cmake
[94.710s] -- Installing: /home/lawrencehcj/hcj_ws/install/turtlesim/share/turtlesim/cmake/turtlesim__rosidl_typesupport_cppExport.cmake
[94.710s] -- Installing: /home/lawrencehcj/hcj_ws/install/turtlesim/share/turtlesim/cmake/turtlesim__rosidl_typesupport_cppExport-noconfig.cmake
[94.710s] -- Installing: /home/lawrencehcj/hcj_ws/install/turtlesim/share/turtlesim/cmake/export_turtlesim__rosidl_generator_pyExport.cmake
[94.711s] -- Installing: /home/lawrencehcj/hcj_ws/install/turtlesim/share/turtlesim/cmake/export_turtlesim__rosidl_generator_pyExport-noconfig.cmake
[94.711s] -- Installing: /home/lawrencehcj/hcj_ws/install/turtlesim/share/turtlesim/cmake/rosidl_cmake-extras.cmake
[94.711s] -- Installing: /home/lawrencehcj/hcj_ws/install/turtlesim/share/turtlesim/cmake/ament_cmake_export_dependencies-extras.cmake
[94.711s] -- Installing: /home/lawrencehcj/hcj_ws/install/turtlesim/share/turtlesim/cmake/ament_cmake_export_include_directories-extras.cmake
[94.711s] -- Installing: /home/lawrencehcj/hcj_ws/install/turtlesim/share/turtlesim/cmake/ament_cmake_export_libraries-extras.cmake
[94.711s] -- Installing: /home/lawrencehcj/hcj_ws/install/turtlesim/share/turtlesim/cmake/ament_cmake_export_targets-extras.cmake
[94.714s] -- Installing: /home/lawrencehcj/hcj_ws/install/turtlesim/share/turtlesim/cmake/rosidl_cmake_export_typesupport_targets-extras.cmake
[94.714s] -- Installing: /home/lawrencehcj/hcj_ws/install/turtlesim/share/turtlesim/cmake/rosidl_cmake_export_typesupport_libraries-extras.cmake
[94.715s] -- Installing: /home/lawrencehcj/hcj_ws/install/turtlesim/share/turtlesim/cmake/turtlesimConfig.cmake
[94.715s] -- Installing: /home/lawrencehcj/hcj_ws/install/turtlesim/share/turtlesim/cmake/turtlesimConfig-version.cmake
[94.715s] -- Installing: /home/lawrencehcj/hcj_ws/install/turtlesim/share/turtlesim/package.xml
[94.719s] Invoked command in '/home/lawrencehcj/hcj_ws/build/turtlesim' returned '0': CMAKE_PREFIX_PATH=${CMAKE_PREFIX_PATH}:/opt/ros/humble /usr/bin/cmake --install /home/lawrencehcj/hcj_ws/build/turtlesim
