[1.620s] DEBUG:colcon:Command line arguments: ['/usr/bin/colcon', 'list', '-p', '--base-paths', '/home/lawrencehcj/hcj_ws']
[1.629s] DEBUG:colcon:Parsed command line arguments: Namespace(log_base=None, log_level=None, verb_name='list', build_base='build', ignore_user_meta=False, metas=['./colcon.meta'], base_paths=['/home/lawrencehcj/hcj_ws'], packages_ignore=None, packages_ignore_regex=None, paths=None, packages_up_to=None, packages_up_to_regex=None, packages_above=None, packages_above_and_dependencies=None, packages_above_depth=None, packages_select_by_dep=None, packages_skip_by_dep=None, packages_skip_up_to=None, packages_select_build_failed=False, packages_skip_build_finished=False, packages_select_test_failures=False, packages_skip_test_passed=False, packages_select=None, packages_skip=None, packages_select_regex=None, packages_skip_regex=None, packages_start=None, packages_end=None, allow_overriding=[], topological_order=False, names_only=False, paths_only=True, topological_graph=False, topological_graph_dot=False, topological_graph_density=False, topological_graph_legend=False, topological_graph_dot_cluster=False, topological_graph_dot_include_skipped=False, verb_parser=<colcon_defaults.argument_parser.defaults.DefaultArgumentsDecorator object at 0x7bf6f56357b0>, verb_extension=<colcon_package_information.verb.list.ListVerb object at 0x7bf6f57a6650>, main=<bound method ListVerb.main of <colcon_package_information.verb.list.ListVerb object at 0x7bf6f57a6650>>)
[4.963s] Level 1:colcon.colcon_core.package_discovery:discover_packages(colcon_meta) check parameters
[4.964s] Level 1:colcon.colcon_core.package_discovery:discover_packages(recursive) check parameters
[4.964s] Level 1:colcon.colcon_core.package_discovery:discover_packages(ignore) check parameters
[4.964s] Level 1:colcon.colcon_core.package_discovery:discover_packages(path) check parameters
[4.970s] Level 1:colcon.colcon_core.package_discovery:discover_packages(recursive) discover
[4.970s] INFO:colcon.colcon_core.package_discovery:Crawling recursively for packages in '/home/lawrencehcj/hcj_ws'
[4.974s] Level 1:colcon.colcon_core.package_identification:_identify(/home/lawrencehcj/hcj_ws) by extensions ['ignore', 'ignore_ament_install']
[4.974s] Level 1:colcon.colcon_core.package_identification:_identify(/home/lawrencehcj/hcj_ws) by extension 'ignore'
[4.974s] Level 1:colcon.colcon_core.package_identification:_identify(/home/lawrencehcj/hcj_ws) by extension 'ignore_ament_install'
[4.974s] Level 1:colcon.colcon_core.package_identification:_identify(/home/lawrencehcj/hcj_ws) by extensions ['colcon_pkg']
[4.974s] Level 1:colcon.colcon_core.package_identification:_identify(/home/lawrencehcj/hcj_ws) by extension 'colcon_pkg'
[4.974s] Level 1:colcon.colcon_core.package_identification:_identify(/home/lawrencehcj/hcj_ws) by extensions ['colcon_meta']
[4.974s] Level 1:colcon.colcon_core.package_identification:_identify(/home/lawrencehcj/hcj_ws) by extension 'colcon_meta'
[4.974s] Level 1:colcon.colcon_core.package_identification:_identify(/home/lawrencehcj/hcj_ws) by extensions ['ros']
[4.974s] Level 1:colcon.colcon_core.package_identification:_identify(/home/lawrencehcj/hcj_ws) by extension 'ros'
[5.129s] Level 1:colcon.colcon_core.package_identification:_identify(/home/lawrencehcj/hcj_ws) by extensions ['cmake', 'python']
[5.129s] Level 1:colcon.colcon_core.package_identification:_identify(/home/lawrencehcj/hcj_ws) by extension 'cmake'
[5.129s] Level 1:colcon.colcon_core.package_identification:_identify(/home/lawrencehcj/hcj_ws) by extension 'python'
[5.129s] Level 1:colcon.colcon_core.package_identification:_identify(/home/lawrencehcj/hcj_ws) by extensions ['python_setup_py']
[5.129s] Level 1:colcon.colcon_core.package_identification:_identify(/home/lawrencehcj/hcj_ws) by extension 'python_setup_py'
[5.130s] Level 1:colcon.colcon_core.package_identification:_identify(/home/lawrencehcj/hcj_ws/build) by extensions ['ignore', 'ignore_ament_install']
[5.146s] Level 1:colcon.colcon_core.package_identification:_identify(/home/lawrencehcj/hcj_ws/build) by extension 'ignore'
[5.146s] Level 1:colcon.colcon_core.package_identification:_identify(/home/lawrencehcj/hcj_ws/build) ignored
[5.147s] Level 1:colcon.colcon_core.package_identification:_identify(/home/lawrencehcj/hcj_ws/install) by extensions ['ignore', 'ignore_ament_install']
[5.147s] Level 1:colcon.colcon_core.package_identification:_identify(/home/lawrencehcj/hcj_ws/install) by extension 'ignore'
[5.148s] Level 1:colcon.colcon_core.package_identification:_identify(/home/lawrencehcj/hcj_ws/install) ignored
[5.164s] Level 1:colcon.colcon_core.package_identification:_identify(/home/lawrencehcj/hcj_ws/log) by extensions ['ignore', 'ignore_ament_install']
[5.173s] Level 1:colcon.colcon_core.package_identification:_identify(/home/lawrencehcj/hcj_ws/log) by extension 'ignore'
[5.174s] Level 1:colcon.colcon_core.package_identification:_identify(/home/lawrencehcj/hcj_ws/log) ignored
[5.174s] Level 1:colcon.colcon_core.package_identification:_identify(/home/lawrencehcj/hcj_ws/src) by extensions ['ignore', 'ignore_ament_install']
[5.174s] Level 1:colcon.colcon_core.package_identification:_identify(/home/lawrencehcj/hcj_ws/src) by extension 'ignore'
[5.174s] Level 1:colcon.colcon_core.package_identification:_identify(/home/lawrencehcj/hcj_ws/src) by extension 'ignore_ament_install'
[5.189s] Level 1:colcon.colcon_core.package_identification:_identify(/home/lawrencehcj/hcj_ws/src) by extensions ['colcon_pkg']
[5.189s] Level 1:colcon.colcon_core.package_identification:_identify(/home/lawrencehcj/hcj_ws/src) by extension 'colcon_pkg'
[5.190s] Level 1:colcon.colcon_core.package_identification:_identify(/home/lawrencehcj/hcj_ws/src) by extensions ['colcon_meta']
[5.190s] Level 1:colcon.colcon_core.package_identification:_identify(/home/lawrencehcj/hcj_ws/src) by extension 'colcon_meta'
[5.190s] Level 1:colcon.colcon_core.package_identification:_identify(/home/lawrencehcj/hcj_ws/src) by extensions ['ros']
[5.190s] Level 1:colcon.colcon_core.package_identification:_identify(/home/lawrencehcj/hcj_ws/src) by extension 'ros'
[5.190s] Level 1:colcon.colcon_core.package_identification:_identify(/home/lawrencehcj/hcj_ws/src) by extensions ['cmake', 'python']
[5.190s] Level 1:colcon.colcon_core.package_identification:_identify(/home/lawrencehcj/hcj_ws/src) by extension 'cmake'
[5.190s] Level 1:colcon.colcon_core.package_identification:_identify(/home/lawrencehcj/hcj_ws/src) by extension 'python'
[5.190s] Level 1:colcon.colcon_core.package_identification:_identify(/home/lawrencehcj/hcj_ws/src) by extensions ['python_setup_py']
[5.191s] Level 1:colcon.colcon_core.package_identification:_identify(/home/lawrencehcj/hcj_ws/src) by extension 'python_setup_py'
[5.196s] Level 1:colcon.colcon_core.package_identification:_identify(/home/lawrencehcj/hcj_ws/src/learning_tf2_cpp) by extensions ['ignore', 'ignore_ament_install']
[5.197s] Level 1:colcon.colcon_core.package_identification:_identify(/home/lawrencehcj/hcj_ws/src/learning_tf2_cpp) by extension 'ignore'
[5.197s] Level 1:colcon.colcon_core.package_identification:_identify(/home/lawrencehcj/hcj_ws/src/learning_tf2_cpp) by extension 'ignore_ament_install'
[5.197s] Level 1:colcon.colcon_core.package_identification:_identify(/home/lawrencehcj/hcj_ws/src/learning_tf2_cpp) by extensions ['colcon_pkg']
[5.207s] Level 1:colcon.colcon_core.package_identification:_identify(/home/lawrencehcj/hcj_ws/src/learning_tf2_cpp) by extension 'colcon_pkg'
[5.207s] Level 1:colcon.colcon_core.package_identification:_identify(/home/lawrencehcj/hcj_ws/src/learning_tf2_cpp) by extensions ['colcon_meta']
[5.207s] Level 1:colcon.colcon_core.package_identification:_identify(/home/lawrencehcj/hcj_ws/src/learning_tf2_cpp) by extension 'colcon_meta'
[5.208s] Level 1:colcon.colcon_core.package_identification:_identify(/home/lawrencehcj/hcj_ws/src/learning_tf2_cpp) by extensions ['ros']
[5.208s] Level 1:colcon.colcon_core.package_identification:_identify(/home/lawrencehcj/hcj_ws/src/learning_tf2_cpp) by extension 'ros'
[5.274s] DEBUG:colcon.colcon_core.package_identification:Package '/home/lawrencehcj/hcj_ws/src/learning_tf2_cpp' with type 'ros.ament_cmake' and name 'learning_tf2_cpp'
[5.286s] Level 1:colcon.colcon_core.package_identification:_identify(/home/lawrencehcj/hcj_ws/src/my_package) by extensions ['ignore', 'ignore_ament_install']
[5.289s] Level 1:colcon.colcon_core.package_identification:_identify(/home/lawrencehcj/hcj_ws/src/my_package) by extension 'ignore'
[5.291s] Level 1:colcon.colcon_core.package_identification:_identify(/home/lawrencehcj/hcj_ws/src/my_package) by extension 'ignore_ament_install'
[5.291s] Level 1:colcon.colcon_core.package_identification:_identify(/home/lawrencehcj/hcj_ws/src/my_package) by extensions ['colcon_pkg']
[5.291s] Level 1:colcon.colcon_core.package_identification:_identify(/home/lawrencehcj/hcj_ws/src/my_package) by extension 'colcon_pkg'
[5.291s] Level 1:colcon.colcon_core.package_identification:_identify(/home/lawrencehcj/hcj_ws/src/my_package) by extensions ['colcon_meta']
[5.291s] Level 1:colcon.colcon_core.package_identification:_identify(/home/lawrencehcj/hcj_ws/src/my_package) by extension 'colcon_meta'
[5.292s] Level 1:colcon.colcon_core.package_identification:_identify(/home/lawrencehcj/hcj_ws/src/my_package) by extensions ['ros']
[5.292s] Level 1:colcon.colcon_core.package_identification:_identify(/home/lawrencehcj/hcj_ws/src/my_package) by extension 'ros'
[5.311s] DEBUG:colcon.colcon_core.package_identification:Package '/home/lawrencehcj/hcj_ws/src/my_package' with type 'ros.ament_cmake' and name 'my_package'
[5.322s] Level 1:colcon.colcon_core.package_identification:_identify(/home/lawrencehcj/hcj_ws/src/ros_tutorials) by extensions ['ignore', 'ignore_ament_install']
[5.322s] Level 1:colcon.colcon_core.package_identification:_identify(/home/lawrencehcj/hcj_ws/src/ros_tutorials) by extension 'ignore'
[5.323s] Level 1:colcon.colcon_core.package_identification:_identify(/home/lawrencehcj/hcj_ws/src/ros_tutorials) by extension 'ignore_ament_install'
[5.323s] Level 1:colcon.colcon_core.package_identification:_identify(/home/lawrencehcj/hcj_ws/src/ros_tutorials) by extensions ['colcon_pkg']
[5.331s] Level 1:colcon.colcon_core.package_identification:_identify(/home/lawrencehcj/hcj_ws/src/ros_tutorials) by extension 'colcon_pkg'
[5.331s] Level 1:colcon.colcon_core.package_identification:_identify(/home/lawrencehcj/hcj_ws/src/ros_tutorials) by extensions ['colcon_meta']
[5.331s] Level 1:colcon.colcon_core.package_identification:_identify(/home/lawrencehcj/hcj_ws/src/ros_tutorials) by extension 'colcon_meta'
[5.331s] Level 1:colcon.colcon_core.package_identification:_identify(/home/lawrencehcj/hcj_ws/src/ros_tutorials) by extensions ['ros']
[5.331s] Level 1:colcon.colcon_core.package_identification:_identify(/home/lawrencehcj/hcj_ws/src/ros_tutorials) by extension 'ros'
[5.331s] Level 1:colcon.colcon_core.package_identification:_identify(/home/lawrencehcj/hcj_ws/src/ros_tutorials) by extensions ['cmake', 'python']
[5.331s] Level 1:colcon.colcon_core.package_identification:_identify(/home/lawrencehcj/hcj_ws/src/ros_tutorials) by extension 'cmake'
[5.331s] Level 1:colcon.colcon_core.package_identification:_identify(/home/lawrencehcj/hcj_ws/src/ros_tutorials) by extension 'python'
[5.332s] Level 1:colcon.colcon_core.package_identification:_identify(/home/lawrencehcj/hcj_ws/src/ros_tutorials) by extensions ['python_setup_py']
[5.332s] Level 1:colcon.colcon_core.package_identification:_identify(/home/lawrencehcj/hcj_ws/src/ros_tutorials) by extension 'python_setup_py'
[5.346s] Level 1:colcon.colcon_core.package_identification:_identify(/home/lawrencehcj/hcj_ws/src/ros_tutorials/ros_tutorials) by extensions ['ignore', 'ignore_ament_install']
[5.347s] Level 1:colcon.colcon_core.package_identification:_identify(/home/lawrencehcj/hcj_ws/src/ros_tutorials/ros_tutorials) by extension 'ignore'
[5.348s] Level 1:colcon.colcon_core.package_identification:_identify(/home/lawrencehcj/hcj_ws/src/ros_tutorials/ros_tutorials) ignored
[5.348s] Level 1:colcon.colcon_core.package_identification:_identify(/home/lawrencehcj/hcj_ws/src/ros_tutorials/roscpp_tutorials) by extensions ['ignore', 'ignore_ament_install']
[5.348s] Level 1:colcon.colcon_core.package_identification:_identify(/home/lawrencehcj/hcj_ws/src/ros_tutorials/roscpp_tutorials) by extension 'ignore'
[5.349s] Level 1:colcon.colcon_core.package_identification:_identify(/home/lawrencehcj/hcj_ws/src/ros_tutorials/roscpp_tutorials) ignored
[5.368s] Level 1:colcon.colcon_core.package_identification:_identify(/home/lawrencehcj/hcj_ws/src/ros_tutorials/rospy_tutorials) by extensions ['ignore', 'ignore_ament_install']
[5.368s] Level 1:colcon.colcon_core.package_identification:_identify(/home/lawrencehcj/hcj_ws/src/ros_tutorials/rospy_tutorials) by extension 'ignore'
[5.374s] Level 1:colcon.colcon_core.package_identification:_identify(/home/lawrencehcj/hcj_ws/src/ros_tutorials/rospy_tutorials) ignored
[5.374s] Level 1:colcon.colcon_core.package_identification:_identify(/home/lawrencehcj/hcj_ws/src/ros_tutorials/turtlesim) by extensions ['ignore', 'ignore_ament_install']
[5.374s] Level 1:colcon.colcon_core.package_identification:_identify(/home/lawrencehcj/hcj_ws/src/ros_tutorials/turtlesim) by extension 'ignore'
[5.375s] Level 1:colcon.colcon_core.package_identification:_identify(/home/lawrencehcj/hcj_ws/src/ros_tutorials/turtlesim) by extension 'ignore_ament_install'
[5.375s] Level 1:colcon.colcon_core.package_identification:_identify(/home/lawrencehcj/hcj_ws/src/ros_tutorials/turtlesim) by extensions ['colcon_pkg']
[5.375s] Level 1:colcon.colcon_core.package_identification:_identify(/home/lawrencehcj/hcj_ws/src/ros_tutorials/turtlesim) by extension 'colcon_pkg'
[5.394s] Level 1:colcon.colcon_core.package_identification:_identify(/home/lawrencehcj/hcj_ws/src/ros_tutorials/turtlesim) by extensions ['colcon_meta']
[5.394s] Level 1:colcon.colcon_core.package_identification:_identify(/home/lawrencehcj/hcj_ws/src/ros_tutorials/turtlesim) by extension 'colcon_meta'
[5.395s] Level 1:colcon.colcon_core.package_identification:_identify(/home/lawrencehcj/hcj_ws/src/ros_tutorials/turtlesim) by extensions ['ros']
[5.398s] Level 1:colcon.colcon_core.package_identification:_identify(/home/lawrencehcj/hcj_ws/src/ros_tutorials/turtlesim) by extension 'ros'
[5.415s] DEBUG:colcon.colcon_core.package_identification:Package '/home/lawrencehcj/hcj_ws/src/ros_tutorials/turtlesim' with type 'ros.ament_cmake' and name 'turtlesim'
[5.428s] Level 1:colcon.colcon_core.package_discovery:discover_packages(recursive) using defaults
